{"C:\\Users\\radio\\Documents\\DVOPS_Projects\\resource-mgmt\\index.js":{"path":"C:\\Users\\radio\\Documents\\DVOPS_Projects\\resource-mgmt\\index.js","statementMap":{"0":{"start":{"line":1,"column":14},"end":{"line":1,"column":32}},"1":{"start":{"line":2,"column":17},"end":{"line":2,"column":39}},"2":{"start":{"line":3,"column":10},"end":{"line":3,"column":19}},"3":{"start":{"line":5,"column":13},"end":{"line":5,"column":37}},"4":{"start":{"line":6,"column":16},"end":{"line":6,"column":28}},"5":{"start":{"line":8,"column":0},"end":{"line":8,"column":51}},"6":{"start":{"line":9,"column":0},"end":{"line":9,"column":27}},"7":{"start":{"line":10,"column":0},"end":{"line":10,"column":36}},"8":{"start":{"line":12,"column":28},"end":{"line":12,"column":55}},"9":{"start":{"line":13,"column":0},"end":{"line":13,"column":32}},"10":{"start":{"line":14,"column":0},"end":{"line":14,"column":26}},"11":{"start":{"line":16,"column":68},"end":{"line":16,"column":99}},"12":{"start":{"line":17,"column":0},"end":{"line":17,"column":42}},"13":{"start":{"line":18,"column":0},"end":{"line":18,"column":39}},"14":{"start":{"line":19,"column":0},"end":{"line":19,"column":44}},"15":{"start":{"line":20,"column":0},"end":{"line":20,"column":51}},"16":{"start":{"line":23,"column":0},"end":{"line":25,"column":2}},"17":{"start":{"line":24,"column":4},"end":{"line":24,"column":53}},"18":{"start":{"line":26,"column":15},"end":{"line":28,"column":2}},"19":{"start":{"line":27,"column":4},"end":{"line":27,"column":45}},"20":{"start":{"line":30,"column":0},"end":{"line":30,"column":30}}},"fnMap":{"0":{"name":"(anonymous_0)","decl":{"start":{"line":23,"column":13},"end":{"line":23,"column":14}},"loc":{"start":{"line":23,"column":27},"end":{"line":25,"column":1}},"line":23},"1":{"name":"(anonymous_1)","decl":{"start":{"line":26,"column":32},"end":{"line":26,"column":33}},"loc":{"start":{"line":26,"column":44},"end":{"line":28,"column":1}},"line":26}},"branchMap":{"0":{"loc":{"start":{"line":5,"column":13},"end":{"line":5,"column":37}},"type":"binary-expr","locations":[{"start":{"line":5,"column":13},"end":{"line":5,"column":29}},{"start":{"line":5,"column":33},"end":{"line":5,"column":37}}],"line":5}},"s":{"0":0,"1":0,"2":0,"3":0,"4":0,"5":0,"6":0,"7":0,"8":0,"9":0,"10":0,"11":0,"12":0,"13":0,"14":0,"15":0,"16":0,"17":0,"18":0,"19":0,"20":0},"f":{"0":0,"1":0},"b":{"0":[0,0]},"all":true},"C:\\Users\\radio\\Documents\\DVOPS_Projects\\resource-mgmt\\public\\instrumentd\\js\\home.js":{"path":"C:\\Users\\radio\\Documents\\DVOPS_Projects\\resource-mgmt\\public\\instrumentd\\js\\home.js","statementMap":{"0":{"start":{"line":1,"column":35},"end":{"line":1,"column":116}},"1":{"start":{"line":1,"column":126},"end":{"line":1,"column":168}},"2":{"start":{"line":1,"column":180},"end":{"line":1,"column":209}},"3":{"start":{"line":1,"column":218},"end":{"line":1,"column":232}},"4":{"start":{"line":1,"column":250},"end":{"line":1,"column":8417}},"5":{"start":{"line":1,"column":8431},"end":{"line":1,"column":8460}},"6":{"start":{"line":1,"column":8461},"end":{"line":1,"column":8538}},"7":{"start":{"line":1,"column":8509},"end":{"line":1,"column":8537}},"8":{"start":{"line":1,"column":8557},"end":{"line":1,"column":8571}},"9":{"start":{"line":2,"column":0},"end":{"line":2,"column":50}},"10":{"start":{"line":2,"column":26},"end":{"line":2,"column":48}},"11":{"start":{"line":2,"column":51},"end":{"line":2,"column":73}},"12":{"start":{"line":2,"column":74},"end":{"line":2,"column":91}},"13":{"start":{"line":2,"column":116},"end":{"line":2,"column":140}},"14":{"start":{"line":2,"column":154},"end":{"line":2,"column":180}},"15":{"start":{"line":2,"column":195},"end":{"line":2,"column":239}},"16":{"start":{"line":2,"column":241},"end":{"line":2,"column":265}},"17":{"start":{"line":2,"column":265},"end":{"line":2,"column":308}},"18":{"start":{"line":2,"column":308},"end":{"line":2,"column":332}},"19":{"start":{"line":2,"column":332},"end":{"line":2,"column":392}},"20":{"start":{"line":2,"column":392},"end":{"line":2,"column":416}},"21":{"start":{"line":2,"column":416},"end":{"line":2,"column":1218}},"22":{"start":{"line":2,"column":442},"end":{"line":2,"column":466}},"23":{"start":{"line":2,"column":466},"end":{"line":2,"column":490}},"24":{"start":{"line":2,"column":490},"end":{"line":2,"column":532}},"25":{"start":{"line":2,"column":542},"end":{"line":2,"column":568}},"26":{"start":{"line":2,"column":570},"end":{"line":2,"column":594}},"27":{"start":{"line":2,"column":594},"end":{"line":2,"column":1136}},"28":{"start":{"line":2,"column":605},"end":{"line":2,"column":630}},"29":{"start":{"line":2,"column":655},"end":{"line":2,"column":679}},"30":{"start":{"line":2,"column":679},"end":{"line":2,"column":1135}},"31":{"start":{"line":2,"column":1136},"end":{"line":2,"column":1161}},"32":{"start":{"line":2,"column":1161},"end":{"line":2,"column":1216}},"33":{"start":{"line":2,"column":1218},"end":{"line":2,"column":1243}},"34":{"start":{"line":2,"column":1243},"end":{"line":2,"column":1258}},"35":{"start":{"line":2,"column":1282},"end":{"line":2,"column":1306}},"36":{"start":{"line":2,"column":1320},"end":{"line":2,"column":1347}},"37":{"start":{"line":2,"column":1363},"end":{"line":2,"column":1400}},"38":{"start":{"line":2,"column":1402},"end":{"line":2,"column":1427}},"39":{"start":{"line":2,"column":1427},"end":{"line":2,"column":1479}},"40":{"start":{"line":2,"column":1479},"end":{"line":2,"column":1504}},"41":{"start":{"line":2,"column":1504},"end":{"line":2,"column":1564}},"42":{"start":{"line":2,"column":1564},"end":{"line":2,"column":1589}},"43":{"start":{"line":2,"column":1589},"end":{"line":2,"column":1655}},"44":{"start":{"line":2,"column":1655},"end":{"line":2,"column":1680}},"45":{"start":{"line":2,"column":1680},"end":{"line":2,"column":1727}},"46":{"start":{"line":2,"column":1727},"end":{"line":2,"column":1752}},"47":{"start":{"line":2,"column":1752},"end":{"line":2,"column":2196}},"48":{"start":{"line":2,"column":1910},"end":{"line":2,"column":1937}},"49":{"start":{"line":2,"column":1937},"end":{"line":2,"column":1962}},"50":{"start":{"line":2,"column":1962},"end":{"line":2,"column":2034}},"51":{"start":{"line":2,"column":2034},"end":{"line":2,"column":2059}},"52":{"start":{"line":2,"column":2059},"end":{"line":2,"column":2130}},"53":{"start":{"line":2,"column":2130},"end":{"line":2,"column":2155}},"54":{"start":{"line":2,"column":2155},"end":{"line":2,"column":2162}},"55":{"start":{"line":2,"column":2168},"end":{"line":2,"column":2195}},"56":{"start":{"line":2,"column":2209},"end":{"line":2,"column":2254}},"57":{"start":{"line":2,"column":2256},"end":{"line":2,"column":2281}},"58":{"start":{"line":2,"column":2281},"end":{"line":2,"column":2323}},"59":{"start":{"line":2,"column":2323},"end":{"line":2,"column":2348}},"60":{"start":{"line":2,"column":2348},"end":{"line":2,"column":2408}},"61":{"start":{"line":2,"column":2408},"end":{"line":2,"column":2433}},"62":{"start":{"line":2,"column":2433},"end":{"line":2,"column":3476}},"63":{"start":{"line":2,"column":2459},"end":{"line":2,"column":2483}},"64":{"start":{"line":2,"column":2483},"end":{"line":2,"column":2508}},"65":{"start":{"line":2,"column":2508},"end":{"line":2,"column":2550}},"66":{"start":{"line":2,"column":2550},"end":{"line":2,"column":2575}},"67":{"start":{"line":2,"column":2575},"end":{"line":2,"column":2597}},"68":{"start":{"line":2,"column":2597},"end":{"line":2,"column":2622}},"69":{"start":{"line":2,"column":2622},"end":{"line":2,"column":3474}},"70":{"start":{"line":2,"column":2654},"end":{"line":2,"column":2681}},"71":{"start":{"line":2,"column":2681},"end":{"line":2,"column":2706}},"72":{"start":{"line":2,"column":2706},"end":{"line":2,"column":2788}},"73":{"start":{"line":2,"column":2788},"end":{"line":2,"column":2813}},"74":{"start":{"line":2,"column":2813},"end":{"line":2,"column":2885}},"75":{"start":{"line":2,"column":2885},"end":{"line":2,"column":2910}},"76":{"start":{"line":2,"column":2910},"end":{"line":2,"column":2951}},"77":{"start":{"line":2,"column":2951},"end":{"line":2,"column":2976}},"78":{"start":{"line":2,"column":2976},"end":{"line":2,"column":3021}},"79":{"start":{"line":2,"column":3021},"end":{"line":2,"column":3046}},"80":{"start":{"line":2,"column":3046},"end":{"line":2,"column":3094}},"81":{"start":{"line":2,"column":3094},"end":{"line":2,"column":3119}},"82":{"start":{"line":2,"column":3119},"end":{"line":2,"column":3152}},"83":{"start":{"line":2,"column":3158},"end":{"line":2,"column":3185}},"84":{"start":{"line":2,"column":3185},"end":{"line":2,"column":3210}},"85":{"start":{"line":2,"column":3210},"end":{"line":2,"column":3281}},"86":{"start":{"line":2,"column":3281},"end":{"line":2,"column":3306}},"87":{"start":{"line":2,"column":3306},"end":{"line":2,"column":3377}},"88":{"start":{"line":2,"column":3377},"end":{"line":2,"column":3402}},"89":{"start":{"line":2,"column":3402},"end":{"line":2,"column":3473}},"90":{"start":{"line":2,"column":3476},"end":{"line":2,"column":3501}},"91":{"start":{"line":2,"column":3501},"end":{"line":2,"column":3540}},"92":{"start":{"line":2,"column":3569},"end":{"line":2,"column":3593}},"93":{"start":{"line":2,"column":3593},"end":{"line":2,"column":3618}},"94":{"start":{"line":2,"column":3618},"end":{"line":2,"column":3638}},"95":{"start":{"line":2,"column":3660},"end":{"line":2,"column":3701}},"96":{"start":{"line":2,"column":3703},"end":{"line":2,"column":3728}},"97":{"start":{"line":2,"column":3728},"end":{"line":2,"column":3746}},"98":{"start":{"line":2,"column":3746},"end":{"line":2,"column":3771}},"99":{"start":{"line":2,"column":3771},"end":{"line":2,"column":3835}},"100":{"start":{"line":2,"column":3835},"end":{"line":2,"column":3860}},"101":{"start":{"line":2,"column":3860},"end":{"line":2,"column":3932}},"102":{"start":{"line":2,"column":3932},"end":{"line":2,"column":3957}},"103":{"start":{"line":2,"column":3957},"end":{"line":2,"column":4035}},"104":{"start":{"line":2,"column":4035},"end":{"line":2,"column":4060}},"105":{"start":{"line":2,"column":4060},"end":{"line":2,"column":4168}},"106":{"start":{"line":2,"column":4168},"end":{"line":2,"column":4193}},"107":{"start":{"line":2,"column":4193},"end":{"line":2,"column":4231}},"108":{"start":{"line":2,"column":4260},"end":{"line":2,"column":4284}},"109":{"start":{"line":2,"column":4284},"end":{"line":2,"column":4309}},"110":{"start":{"line":2,"column":4309},"end":{"line":2,"column":4325}},"111":{"start":{"line":2,"column":4339},"end":{"line":2,"column":4366}},"112":{"start":{"line":2,"column":4382},"end":{"line":2,"column":4419}},"113":{"start":{"line":2,"column":4421},"end":{"line":2,"column":4446}},"114":{"start":{"line":2,"column":4446},"end":{"line":2,"column":4502}},"115":{"start":{"line":2,"column":4502},"end":{"line":2,"column":4527}},"116":{"start":{"line":2,"column":4527},"end":{"line":2,"column":4591}},"117":{"start":{"line":2,"column":4591},"end":{"line":2,"column":4616}},"118":{"start":{"line":2,"column":4616},"end":{"line":2,"column":4686}},"119":{"start":{"line":2,"column":4686},"end":{"line":2,"column":4711}},"120":{"start":{"line":2,"column":4711},"end":{"line":2,"column":5163}},"121":{"start":{"line":2,"column":4869},"end":{"line":2,"column":4896}},"122":{"start":{"line":2,"column":4896},"end":{"line":2,"column":4921}},"123":{"start":{"line":2,"column":4921},"end":{"line":2,"column":4997}},"124":{"start":{"line":2,"column":4997},"end":{"line":2,"column":5022}},"125":{"start":{"line":2,"column":5022},"end":{"line":2,"column":5097}},"126":{"start":{"line":2,"column":5097},"end":{"line":2,"column":5122}},"127":{"start":{"line":2,"column":5122},"end":{"line":2,"column":5129}},"128":{"start":{"line":2,"column":5135},"end":{"line":2,"column":5162}},"129":{"start":{"line":2,"column":5176},"end":{"line":2,"column":5221}},"130":{"start":{"line":2,"column":5223},"end":{"line":2,"column":5248}},"131":{"start":{"line":2,"column":5248},"end":{"line":2,"column":5294}},"132":{"start":{"line":2,"column":5294},"end":{"line":2,"column":5319}},"133":{"start":{"line":2,"column":5319},"end":{"line":2,"column":5379}},"134":{"start":{"line":2,"column":5379},"end":{"line":2,"column":5404}},"135":{"start":{"line":2,"column":5404},"end":{"line":2,"column":6137}},"136":{"start":{"line":2,"column":5430},"end":{"line":2,"column":5454}},"137":{"start":{"line":2,"column":5454},"end":{"line":2,"column":5479}},"138":{"start":{"line":2,"column":5479},"end":{"line":2,"column":5521}},"139":{"start":{"line":2,"column":5521},"end":{"line":2,"column":5546}},"140":{"start":{"line":2,"column":5546},"end":{"line":2,"column":6135}},"141":{"start":{"line":2,"column":5602},"end":{"line":2,"column":5629}},"142":{"start":{"line":2,"column":5629},"end":{"line":2,"column":5654}},"143":{"start":{"line":2,"column":5654},"end":{"line":2,"column":5741}},"144":{"start":{"line":2,"column":5741},"end":{"line":2,"column":5766}},"145":{"start":{"line":2,"column":5766},"end":{"line":2,"column":5842}},"146":{"start":{"line":2,"column":5842},"end":{"line":2,"column":5867}},"147":{"start":{"line":2,"column":5867},"end":{"line":2,"column":5900}},"148":{"start":{"line":2,"column":5906},"end":{"line":2,"column":5933}},"149":{"start":{"line":2,"column":5933},"end":{"line":2,"column":5958}},"150":{"start":{"line":2,"column":5958},"end":{"line":2,"column":6034}},"151":{"start":{"line":2,"column":6034},"end":{"line":2,"column":6059}},"152":{"start":{"line":2,"column":6059},"end":{"line":2,"column":6134}},"153":{"start":{"line":2,"column":6137},"end":{"line":2,"column":6162}},"154":{"start":{"line":2,"column":6162},"end":{"line":2,"column":6201}},"155":{"start":{"line":2,"column":6238},"end":{"line":2,"column":6262}},"156":{"start":{"line":2,"column":6276},"end":{"line":2,"column":6303}},"157":{"start":{"line":2,"column":6318},"end":{"line":2,"column":6363}},"158":{"start":{"line":2,"column":6365},"end":{"line":2,"column":6390}},"159":{"start":{"line":2,"column":6390},"end":{"line":2,"column":6449}},"160":{"start":{"line":2,"column":6449},"end":{"line":2,"column":6474}},"161":{"start":{"line":2,"column":6474},"end":{"line":2,"column":6534}},"162":{"start":{"line":2,"column":6534},"end":{"line":2,"column":6559}},"163":{"start":{"line":2,"column":6559},"end":{"line":2,"column":6938}},"164":{"start":{"line":2,"column":6585},"end":{"line":2,"column":6609}},"165":{"start":{"line":2,"column":6609},"end":{"line":2,"column":6634}},"166":{"start":{"line":2,"column":6634},"end":{"line":2,"column":6676}},"167":{"start":{"line":2,"column":6676},"end":{"line":2,"column":6701}},"168":{"start":{"line":2,"column":6701},"end":{"line":2,"column":6936}},"169":{"start":{"line":2,"column":6756},"end":{"line":2,"column":6783}},"170":{"start":{"line":2,"column":6783},"end":{"line":2,"column":6808}},"171":{"start":{"line":2,"column":6808},"end":{"line":2,"column":6841}},"172":{"start":{"line":2,"column":6847},"end":{"line":2,"column":6874}},"173":{"start":{"line":2,"column":6874},"end":{"line":2,"column":6899}},"174":{"start":{"line":2,"column":6899},"end":{"line":2,"column":6935}},"175":{"start":{"line":2,"column":6938},"end":{"line":2,"column":6963}},"176":{"start":{"line":2,"column":6963},"end":{"line":2,"column":6978}}},"fnMap":{"0":{"name":"cov_1tkgg8jbpf","decl":{"start":{"line":1,"column":9},"end":{"line":1,"column":23}},"loc":{"start":{"line":1,"column":25},"end":{"line":2,"column":74}},"line":1},"1":{"name":"(anonymous_1)","decl":{"start":{"line":2,"column":15},"end":{"line":2,"column":16}},"loc":{"start":{"line":2,"column":25},"end":{"line":2,"column":49}},"line":2},"2":{"name":"viewResources","decl":{"start":{"line":2,"column":100},"end":{"line":2,"column":113}},"loc":{"start":{"line":2,"column":115},"end":{"line":2,"column":1259}},"line":2},"3":{"name":"(anonymous_3)","decl":{"start":{"line":2,"column":431},"end":{"line":2,"column":432}},"loc":{"start":{"line":2,"column":441},"end":{"line":2,"column":1217}},"line":2},"4":{"name":"addResource","decl":{"start":{"line":2,"column":1268},"end":{"line":2,"column":1279}},"loc":{"start":{"line":2,"column":1281},"end":{"line":2,"column":3541}},"line":2},"5":{"name":"(anonymous_5)","decl":{"start":{"line":2,"column":2448},"end":{"line":2,"column":2449}},"loc":{"start":{"line":2,"column":2458},"end":{"line":2,"column":3475}},"line":2},"6":{"name":"editResource","decl":{"start":{"line":2,"column":3550},"end":{"line":2,"column":3562}},"loc":{"start":{"line":2,"column":3568},"end":{"line":2,"column":4232}},"line":2},"7":{"name":"updateResource","decl":{"start":{"line":2,"column":4241},"end":{"line":2,"column":4255}},"loc":{"start":{"line":2,"column":4259},"end":{"line":2,"column":6202}},"line":2},"8":{"name":"(anonymous_8)","decl":{"start":{"line":2,"column":5419},"end":{"line":2,"column":5420}},"loc":{"start":{"line":2,"column":5429},"end":{"line":2,"column":6136}},"line":2},"9":{"name":"deleteResource","decl":{"start":{"line":2,"column":6211},"end":{"line":2,"column":6225}},"loc":{"start":{"line":2,"column":6237},"end":{"line":2,"column":6979}},"line":2},"10":{"name":"(anonymous_10)","decl":{"start":{"line":2,"column":6574},"end":{"line":2,"column":6575}},"loc":{"start":{"line":2,"column":6584},"end":{"line":2,"column":6937}},"line":2}},"branchMap":{"0":{"loc":{"start":{"line":1,"column":8431},"end":{"line":1,"column":8460}},"type":"binary-expr","locations":[{"start":{"line":1,"column":8431},"end":{"line":1,"column":8442}},{"start":{"line":1,"column":8445},"end":{"line":1,"column":8459}}],"line":1},"1":{"loc":{"start":{"line":1,"column":8461},"end":{"line":1,"column":8538}},"type":"if","locations":[{"start":{"line":1,"column":8461},"end":{"line":1,"column":8538}},{"start":{"line":1,"column":8461},"end":{"line":1,"column":8538}}],"line":1},"2":{"loc":{"start":{"line":1,"column":8464},"end":{"line":1,"column":8507}},"type":"binary-expr","locations":[{"start":{"line":1,"column":8464},"end":{"line":1,"column":8479}},{"start":{"line":1,"column":8481},"end":{"line":1,"column":8507}}],"line":1},"3":{"loc":{"start":{"line":2,"column":1752},"end":{"line":2,"column":2196}},"type":"if","locations":[{"start":{"line":2,"column":1752},"end":{"line":2,"column":2196}},{"start":{"line":2,"column":1752},"end":{"line":2,"column":2196}}],"line":2},"4":{"loc":{"start":{"line":2,"column":1755},"end":{"line":2,"column":1908}},"type":"binary-expr","locations":[{"start":{"line":2,"column":1756},"end":{"line":2,"column":1800}},{"start":{"line":2,"column":1804},"end":{"line":2,"column":1852}},{"start":{"line":2,"column":1856},"end":{"line":2,"column":1907}}],"line":2},"5":{"loc":{"start":{"line":2,"column":2622},"end":{"line":2,"column":3474}},"type":"if","locations":[{"start":{"line":2,"column":2622},"end":{"line":2,"column":3474}},{"start":{"line":2,"column":2622},"end":{"line":2,"column":3474}}],"line":2},"6":{"loc":{"start":{"line":2,"column":4711},"end":{"line":2,"column":5163}},"type":"if","locations":[{"start":{"line":2,"column":4711},"end":{"line":2,"column":5163}},{"start":{"line":2,"column":4711},"end":{"line":2,"column":5163}}],"line":2},"7":{"loc":{"start":{"line":2,"column":4714},"end":{"line":2,"column":4867}},"type":"binary-expr","locations":[{"start":{"line":2,"column":4715},"end":{"line":2,"column":4759}},{"start":{"line":2,"column":4763},"end":{"line":2,"column":4811}},{"start":{"line":2,"column":4815},"end":{"line":2,"column":4866}}],"line":2},"8":{"loc":{"start":{"line":2,"column":5546},"end":{"line":2,"column":6135}},"type":"if","locations":[{"start":{"line":2,"column":5546},"end":{"line":2,"column":6135}},{"start":{"line":2,"column":5546},"end":{"line":2,"column":6135}}],"line":2},"9":{"loc":{"start":{"line":2,"column":6701},"end":{"line":2,"column":6936}},"type":"if","locations":[{"start":{"line":2,"column":6701},"end":{"line":2,"column":6936}},{"start":{"line":2,"column":6701},"end":{"line":2,"column":6936}}],"line":2}},"s":{"0":0,"1":0,"2":0,"3":0,"4":0,"5":0,"6":0,"7":0,"8":0,"9":0,"10":0,"11":0,"12":0,"13":0,"14":0,"15":0,"16":0,"17":0,"18":0,"19":0,"20":0,"21":0,"22":0,"23":0,"24":0,"25":0,"26":0,"27":0,"28":0,"29":0,"30":0,"31":0,"32":0,"33":0,"34":0,"35":0,"36":0,"37":0,"38":0,"39":0,"40":0,"41":0,"42":0,"43":0,"44":0,"45":0,"46":0,"47":0,"48":0,"49":0,"50":0,"51":0,"52":0,"53":0,"54":0,"55":0,"56":0,"57":0,"58":0,"59":0,"60":0,"61":0,"62":0,"63":0,"64":0,"65":0,"66":0,"67":0,"68":0,"69":0,"70":0,"71":0,"72":0,"73":0,"74":0,"75":0,"76":0,"77":0,"78":0,"79":0,"80":0,"81":0,"82":0,"83":0,"84":0,"85":0,"86":0,"87":0,"88":0,"89":0,"90":0,"91":0,"92":0,"93":0,"94":0,"95":0,"96":0,"97":0,"98":0,"99":0,"100":0,"101":0,"102":0,"103":0,"104":0,"105":0,"106":0,"107":0,"108":0,"109":0,"110":0,"111":0,"112":0,"113":0,"114":0,"115":0,"116":0,"117":0,"118":0,"119":0,"120":0,"121":0,"122":0,"123":0,"124":0,"125":0,"126":0,"127":0,"128":0,"129":0,"130":0,"131":0,"132":0,"133":0,"134":0,"135":0,"136":0,"137":0,"138":0,"139":0,"140":0,"141":0,"142":0,"143":0,"144":0,"145":0,"146":0,"147":0,"148":0,"149":0,"150":0,"151":0,"152":0,"153":0,"154":0,"155":0,"156":0,"157":0,"158":0,"159":0,"160":0,"161":0,"162":0,"163":0,"164":0,"165":0,"166":0,"167":0,"168":0,"169":0,"170":0,"171":0,"172":0,"173":0,"174":0,"175":0,"176":0},"f":{"0":0,"1":0,"2":0,"3":0,"4":0,"5":0,"6":0,"7":0,"8":0,"9":0,"10":0},"b":{"0":[0,0],"1":[0,0],"2":[0,0],"3":[0,0],"4":[0,0,0],"5":[0,0],"6":[0,0],"7":[0,0,0],"8":[0,0],"9":[0,0]},"inputSourceMap":{"version":3,"names":["cov_1tkgg8jbpf","actualCoverage","viewResources","f","response","s","request","XMLHttpRequest","open","setRequestHeader","onload","JSON","parse","responseText","html","i","length","name","location","description","owner","stringify","replaceAll","id","document","getElementById","innerHTML","send","addResource","jsonData","Object","value","sessionStorage","getItem","b","setAttribute","console","log","message","undefined","window","href","editResource","data","selectedResource","$","modal","updateResource","deleteResource","selectedId","alert"],"sources":["home.js"],"sourcesContent":["function viewResources() {\r\n    var response = '';\r\n    var request = new XMLHttpRequest();\r\n    request.open('GET', '/view-resources', true);\r\n    request.setRequestHeader('Content-Type', 'application/json');\r\n    request.onload = function () {\r\n        response = JSON.parse(request.responseText);\r\n        var html = ''\r\n        for (var i = 0; i < response.length; i++) {\r\n            html += '<tr>' +\r\n                '<td>' + (i + 1) + '</td>' +\r\n                '<td>' + response[i].name + '</td>' +\r\n                '<td>' + response[i].location + '</td>' +\r\n                '<td>' + response[i].description + '</td>' +\r\n                '<td>' + response[i].owner + '</td>' +\r\n                '<td>' +\r\n                '<button type=\"button\" class=\"btn btn-warning\" onclick=\"editResource(\\'' + JSON.stringify(response[i]).replaceAll('\\\"', '&quot;') + '\\')\">Edit </button> ' +\r\n                '<button type=\"button\" class=\"btn btn-danger\" onclick=\"deleteResource(' + response[i].id + ')\"> Delete</button>' +\r\n                '</td>' +\r\n                '</tr>'\r\n        }\r\n        document.getElementById('tableContent').innerHTML = html;\r\n    };\r\n    request.send();\r\n}\r\n\r\nfunction addResource() {\r\n    var response = \"\";\r\n\r\n    var jsonData = new Object();\r\n    jsonData.name = document.getElementById(\"name\").value;\r\n    jsonData.location = document.getElementById(\"location\").value;\r\n    jsonData.description = document.getElementById(\"description\").value;\r\n    jsonData.owner = sessionStorage.getItem(\"email\");\r\n\r\n    if (jsonData.name == \"\" || jsonData.location == \"\" || jsonData.description == \"\") {\r\n        document.getElementById(\"message\").innerHTML = 'All fields are required!';\r\n        document.getElementById(\"message\").setAttribute(\"class\", \"text-danger\");\r\n        return;\r\n    }\r\n\r\n    var request = new XMLHttpRequest();\r\n\r\n    request.open(\"POST\", \"/add-resource\", true);\r\n    request.setRequestHeader('Content-Type', 'application/json');\r\n\r\n    request.onload = function () {\r\n        response = JSON.parse(request.responseText);\r\n        console.log(response)\r\n        if (response.message == undefined) {\r\n            document.getElementById(\"message\").innerHTML = 'Added Resource: ' + jsonData.name + '!';\r\n            document.getElementById(\"message\").setAttribute(\"class\", \"text-success\");\r\n            document.getElementById(\"name\").value = \"\";\r\n            document.getElementById(\"location\").value = \"\";\r\n            document.getElementById(\"description\").value = \"\";\r\n            window.location.href = 'home.html';\r\n        }\r\n        else {\r\n            document.getElementById(\"message\").innerHTML = 'Unable to add resource!'; document.getElementById(\"message\").setAttribute(\"class\", \"text-danger\");\r\n            document.getElementById(\"message\").setAttribute(\"class\", \"text-danger\");\r\n        }\r\n    };\r\n    request.send(JSON.stringify(jsonData));\r\n}\r\n\r\nfunction editResource(data) {\r\n    console.log(',,,,')\r\n    var selectedResource = JSON.parse(data);\r\n    console.log(data)\r\n    document.getElementById(\"editName\").value = selectedResource.name;\r\n    document.getElementById(\"editLocation\").value = selectedResource.location;\r\n    document.getElementById(\"editDescription\").value = selectedResource.description;\r\n\r\n    document.getElementById(\"updateButton\").setAttribute(\"onclick\", 'updateResource(\"' + selectedResource.id + '\")');\r\n\r\n    $('#editResourceModal').modal('show');\r\n}\r\n\r\nfunction updateResource(id) {\r\n    console.log(id)\r\n    var response = \"\";\r\n\r\n    var jsonData = new Object();\r\n    jsonData.name = document.getElementById(\"editName\").value;\r\n    jsonData.location = document.getElementById(\"editLocation\").value;\r\n    jsonData.description = document.getElementById(\"editDescription\").value;\r\n\r\n    if (jsonData.name == \"\" || jsonData.location == \"\" || jsonData.description == \"\") {\r\n        document.getElementById(\"editMessage\").innerHTML = 'All fields are required!';\r\n        document.getElementById(\"editMessage\").setAttribute(\"class\", \"text-danger\");\r\n        return;\r\n    }\r\n\r\n    var request = new XMLHttpRequest();\r\n\r\n    request.open(\"PUT\", \"/edit-resource/\" + id, true);\r\n    request.setRequestHeader('Content-Type', 'application/json');\r\n\r\n    request.onload = function () {\r\n        response = JSON.parse(request.responseText);\r\n\r\n        if (response.message == \"Resource modified successfully!\") {\r\n            document.getElementById(\"editMessage\").innerHTML = 'Edited Resource: ' + jsonData.name + '!';\r\n            document.getElementById(\"editMessage\").setAttribute(\"class\", \"text-success\");\r\n            window.location.href = 'home.html';\r\n        }\r\n        else {\r\n            document.getElementById(\"editMessage\").innerHTML = 'Unable to edit resource!';\r\n            document.getElementById(\"editMessage\").setAttribute(\"class\", \"text-danger\");\r\n        }\r\n    };\r\n    request.send(JSON.stringify(jsonData));\r\n}\r\n\r\nfunction deleteResource(selectedId) {\r\n    var response = \"\";\r\n\r\n    var request = new XMLHttpRequest();\r\n\r\n    request.open(\"DELETE\", \"/delete-resource/\" + selectedId, true);\r\n    request.setRequestHeader('Content-Type', 'application/json');\r\n\r\n    request.onload = function () {\r\n        response = JSON.parse(request.responseText);\r\n\r\n        if (response.message == \"Resource deleted successfully!\") {\r\n            window.location.href = 'home.html';\r\n        }\r\n        else {\r\n            alert('Unable to delete resource!');\r\n        }\r\n    };\r\n    request.send();\r\n}\r\n"],"mappings":"63QAeY;AAAAA,cAAA,SAAAA,CAAA,SAAAC,cAAA,WAAAA,cAAA,EAAAD,cAAA,GAfZ,QAAS,CAAAE,aAAaA,CAAA,CAAG,CAAAF,cAAA,GAAAG,CAAA,MACrB,GAAI,CAAAC,QAAQ,EAAAJ,cAAA,GAAAK,CAAA,MAAG,EAAE,EACjB,GAAI,CAAAC,OAAO,EAAAN,cAAA,GAAAK,CAAA,MAAG,GAAI,CAAAE,cAAc,CAAC,CAAC,EAACP,cAAA,GAAAK,CAAA,MACnCC,OAAO,CAACE,IAAI,CAAC,KAAK,CAAE,iBAAiB,CAAE,IAAI,CAAC,CAACR,cAAA,GAAAK,CAAA,MAC7CC,OAAO,CAACG,gBAAgB,CAAC,cAAc,CAAE,kBAAkB,CAAC,CAACT,cAAA,GAAAK,CAAA,MAC7DC,OAAO,CAACI,MAAM,CAAG,UAAY,CAAAV,cAAA,GAAAG,CAAA,MAAAH,cAAA,GAAAK,CAAA,MACzBD,QAAQ,CAAGO,IAAI,CAACC,KAAK,CAACN,OAAO,CAACO,YAAY,CAAC,CAC3C,GAAI,CAAAC,IAAI,EAAAd,cAAA,GAAAK,CAAA,MAAG,EAAE,EAAAL,cAAA,GAAAK,CAAA,MACb,IAAK,GAAI,CAAAU,CAAC,EAAAf,cAAA,GAAAK,CAAA,MAAG,CAAC,EAAEU,CAAC,CAAGX,QAAQ,CAACY,MAAM,CAAED,CAAC,EAAE,CAAE,CAAAf,cAAA,GAAAK,CAAA,MACtCS,IAAI,EAAI,MAAM,CACV,MAAM,EAAIC,CAAC,CAAG,CAAC,CAAC,CAAG,OAAO,CAC1B,MAAM,CAAGX,QAAQ,CAACW,CAAC,CAAC,CAACE,IAAI,CAAG,OAAO,CACnC,MAAM,CAAGb,QAAQ,CAACW,CAAC,CAAC,CAACG,QAAQ,CAAG,OAAO,CACvC,MAAM,CAAGd,QAAQ,CAACW,CAAC,CAAC,CAACI,WAAW,CAAG,OAAO,CAC1C,MAAM,CAAGf,QAAQ,CAACW,CAAC,CAAC,CAACK,KAAK,CAAG,OAAO,CACpC,MAAM,CACN,wEAAwE,CAAGT,IAAI,CAACU,SAAS,CAACjB,QAAQ,CAACW,CAAC,CAAC,CAAC,CAACO,UAAU,CAAC,IAAI,CAAE,QAAQ,CAAC,CAAG,sBAAsB,CAC1J,uEAAuE,CAAGlB,QAAQ,CAACW,CAAC,CAAC,CAACQ,EAAE,CAAG,qBAAqB,CAChH,OAAO,CACP,OAAO,CACf,CAACvB,cAAA,GAAAK,CAAA,OACDmB,QAAQ,CAACC,cAAc,CAAC,cAAc,CAAC,CAACC,SAAS,CAAGZ,IAAI,CAC5D,CAAC,CAACd,cAAA,GAAAK,CAAA,OACFC,OAAO,CAACqB,IAAI,CAAC,CAAC,CAClB,CAEA,QAAS,CAAAC,WAAWA,CAAA,CAAG,CAAA5B,cAAA,GAAAG,CAAA,MACnB,GAAI,CAAAC,QAAQ,EAAAJ,cAAA,GAAAK,CAAA,OAAG,EAAE,EAEjB,GAAI,CAAAwB,QAAQ,EAAA7B,cAAA,GAAAK,CAAA,OAAG,GAAI,CAAAyB,MAAM,CAAC,CAAC,EAAC9B,cAAA,GAAAK,CAAA,OAC5BwB,QAAQ,CAACZ,IAAI,CAAGO,QAAQ,CAACC,cAAc,CAAC,MAAM,CAAC,CAACM,KAAK,CAAC/B,cAAA,GAAAK,CAAA,OACtDwB,QAAQ,CAACX,QAAQ,CAAGM,QAAQ,CAACC,cAAc,CAAC,UAAU,CAAC,CAACM,KAAK,CAAC/B,cAAA,GAAAK,CAAA,OAC9DwB,QAAQ,CAACV,WAAW,CAAGK,QAAQ,CAACC,cAAc,CAAC,aAAa,CAAC,CAACM,KAAK,CAAC/B,cAAA,GAAAK,CAAA,OACpEwB,QAAQ,CAACT,KAAK,CAAGY,cAAc,CAACC,OAAO,CAAC,OAAO,CAAC,CAACjC,cAAA,GAAAK,CAAA,OAEjD,GAAI,CAAAL,cAAA,GAAAkC,CAAA,SAAAL,QAAQ,CAACZ,IAAI,EAAI,EAAE,IAAAjB,cAAA,GAAAkC,CAAA,SAAIL,QAAQ,CAACX,QAAQ,EAAI,EAAE,IAAAlB,cAAA,GAAAkC,CAAA,SAAIL,QAAQ,CAACV,WAAW,EAAI,EAAE,EAAE,CAAAnB,cAAA,GAAAkC,CAAA,SAAAlC,cAAA,GAAAK,CAAA,OAC9EmB,QAAQ,CAACC,cAAc,CAAC,SAAS,CAAC,CAACC,SAAS,CAAG,0BAA0B,CAAC1B,cAAA,GAAAK,CAAA,OAC1EmB,QAAQ,CAACC,cAAc,CAAC,SAAS,CAAC,CAACU,YAAY,CAAC,OAAO,CAAE,aAAa,CAAC,CAACnC,cAAA,GAAAK,CAAA,OACxE,OACJ,CAAC,KAAAL,cAAA,GAAAkC,CAAA,UAED,GAAI,CAAA5B,OAAO,EAAAN,cAAA,GAAAK,CAAA,OAAG,GAAI,CAAAE,cAAc,CAAC,CAAC,EAACP,cAAA,GAAAK,CAAA,OAEnCC,OAAO,CAACE,IAAI,CAAC,MAAM,CAAE,eAAe,CAAE,IAAI,CAAC,CAACR,cAAA,GAAAK,CAAA,OAC5CC,OAAO,CAACG,gBAAgB,CAAC,cAAc,CAAE,kBAAkB,CAAC,CAACT,cAAA,GAAAK,CAAA,OAE7DC,OAAO,CAACI,MAAM,CAAG,UAAY,CAAAV,cAAA,GAAAG,CAAA,MAAAH,cAAA,GAAAK,CAAA,OACzBD,QAAQ,CAAGO,IAAI,CAACC,KAAK,CAACN,OAAO,CAACO,YAAY,CAAC,CAACb,cAAA,GAAAK,CAAA,OAC5C+B,OAAO,CAACC,GAAG,CAACjC,QAAQ,CAAC,CAAAJ,cAAA,GAAAK,CAAA,OACrB,GAAID,QAAQ,CAACkC,OAAO,EAAIC,SAAS,CAAE,CAAAvC,cAAA,GAAAkC,CAAA,SAAAlC,cAAA,GAAAK,CAAA,OAC/BmB,QAAQ,CAACC,cAAc,CAAC,SAAS,CAAC,CAACC,SAAS,CAAG,kBAAkB,CAAGG,QAAQ,CAACZ,IAAI,CAAG,GAAG,CAACjB,cAAA,GAAAK,CAAA,OACxFmB,QAAQ,CAACC,cAAc,CAAC,SAAS,CAAC,CAACU,YAAY,CAAC,OAAO,CAAE,cAAc,CAAC,CAACnC,cAAA,GAAAK,CAAA,OACzEmB,QAAQ,CAACC,cAAc,CAAC,MAAM,CAAC,CAACM,KAAK,CAAG,EAAE,CAAC/B,cAAA,GAAAK,CAAA,OAC3CmB,QAAQ,CAACC,cAAc,CAAC,UAAU,CAAC,CAACM,KAAK,CAAG,EAAE,CAAC/B,cAAA,GAAAK,CAAA,OAC/CmB,QAAQ,CAACC,cAAc,CAAC,aAAa,CAAC,CAACM,KAAK,CAAG,EAAE,CAAC/B,cAAA,GAAAK,CAAA,OAClDmC,MAAM,CAACtB,QAAQ,CAACuB,IAAI,CAAG,WAAW,CACtC,CAAC,IACI,CAAAzC,cAAA,GAAAkC,CAAA,SAAAlC,cAAA,GAAAK,CAAA,OACDmB,QAAQ,CAACC,cAAc,CAAC,SAAS,CAAC,CAACC,SAAS,CAAG,yBAAyB,CAAC1B,cAAA,GAAAK,CAAA,OAACmB,QAAQ,CAACC,cAAc,CAAC,SAAS,CAAC,CAACU,YAAY,CAAC,OAAO,CAAE,aAAa,CAAC,CAACnC,cAAA,GAAAK,CAAA,OAClJmB,QAAQ,CAACC,cAAc,CAAC,SAAS,CAAC,CAACU,YAAY,CAAC,OAAO,CAAE,aAAa,CAAC,CAC3E,CACJ,CAAC,CAACnC,cAAA,GAAAK,CAAA,OACFC,OAAO,CAACqB,IAAI,CAAChB,IAAI,CAACU,SAAS,CAACQ,QAAQ,CAAC,CAAC,CAC1C,CAEA,QAAS,CAAAa,YAAYA,CAACC,IAAI,CAAE,CAAA3C,cAAA,GAAAG,CAAA,MAAAH,cAAA,GAAAK,CAAA,OACxB+B,OAAO,CAACC,GAAG,CAAC,MAAM,CAAC,CACnB,GAAI,CAAAO,gBAAgB,EAAA5C,cAAA,GAAAK,CAAA,OAAGM,IAAI,CAACC,KAAK,CAAC+B,IAAI,CAAC,EAAC3C,cAAA,GAAAK,CAAA,OACxC+B,OAAO,CAACC,GAAG,CAACM,IAAI,CAAC,CAAA3C,cAAA,GAAAK,CAAA,OACjBmB,QAAQ,CAACC,cAAc,CAAC,UAAU,CAAC,CAACM,KAAK,CAAGa,gBAAgB,CAAC3B,IAAI,CAACjB,cAAA,GAAAK,CAAA,OAClEmB,QAAQ,CAACC,cAAc,CAAC,cAAc,CAAC,CAACM,KAAK,CAAGa,gBAAgB,CAAC1B,QAAQ,CAAClB,cAAA,GAAAK,CAAA,OAC1EmB,QAAQ,CAACC,cAAc,CAAC,iBAAiB,CAAC,CAACM,KAAK,CAAGa,gBAAgB,CAACzB,WAAW,CAACnB,cAAA,GAAAK,CAAA,OAEhFmB,QAAQ,CAACC,cAAc,CAAC,cAAc,CAAC,CAACU,YAAY,CAAC,SAAS,CAAE,kBAAkB,CAAGS,gBAAgB,CAACrB,EAAE,CAAG,IAAI,CAAC,CAACvB,cAAA,GAAAK,CAAA,OAEjHwC,CAAC,CAAC,oBAAoB,CAAC,CAACC,KAAK,CAAC,MAAM,CAAC,CACzC,CAEA,QAAS,CAAAC,cAAcA,CAACxB,EAAE,CAAE,CAAAvB,cAAA,GAAAG,CAAA,MAAAH,cAAA,GAAAK,CAAA,OACxB+B,OAAO,CAACC,GAAG,CAACd,EAAE,CAAC,CACf,GAAI,CAAAnB,QAAQ,EAAAJ,cAAA,GAAAK,CAAA,OAAG,EAAE,EAEjB,GAAI,CAAAwB,QAAQ,EAAA7B,cAAA,GAAAK,CAAA,OAAG,GAAI,CAAAyB,MAAM,CAAC,CAAC,EAAC9B,cAAA,GAAAK,CAAA,OAC5BwB,QAAQ,CAACZ,IAAI,CAAGO,QAAQ,CAACC,cAAc,CAAC,UAAU,CAAC,CAACM,KAAK,CAAC/B,cAAA,GAAAK,CAAA,OAC1DwB,QAAQ,CAACX,QAAQ,CAAGM,QAAQ,CAACC,cAAc,CAAC,cAAc,CAAC,CAACM,KAAK,CAAC/B,cAAA,GAAAK,CAAA,OAClEwB,QAAQ,CAACV,WAAW,CAAGK,QAAQ,CAACC,cAAc,CAAC,iBAAiB,CAAC,CAACM,KAAK,CAAC/B,cAAA,GAAAK,CAAA,OAExE,GAAI,CAAAL,cAAA,GAAAkC,CAAA,SAAAL,QAAQ,CAACZ,IAAI,EAAI,EAAE,IAAAjB,cAAA,GAAAkC,CAAA,SAAIL,QAAQ,CAACX,QAAQ,EAAI,EAAE,IAAAlB,cAAA,GAAAkC,CAAA,SAAIL,QAAQ,CAACV,WAAW,EAAI,EAAE,EAAE,CAAAnB,cAAA,GAAAkC,CAAA,SAAAlC,cAAA,GAAAK,CAAA,OAC9EmB,QAAQ,CAACC,cAAc,CAAC,aAAa,CAAC,CAACC,SAAS,CAAG,0BAA0B,CAAC1B,cAAA,GAAAK,CAAA,OAC9EmB,QAAQ,CAACC,cAAc,CAAC,aAAa,CAAC,CAACU,YAAY,CAAC,OAAO,CAAE,aAAa,CAAC,CAACnC,cAAA,GAAAK,CAAA,OAC5E,OACJ,CAAC,KAAAL,cAAA,GAAAkC,CAAA,UAED,GAAI,CAAA5B,OAAO,EAAAN,cAAA,GAAAK,CAAA,OAAG,GAAI,CAAAE,cAAc,CAAC,CAAC,EAACP,cAAA,GAAAK,CAAA,OAEnCC,OAAO,CAACE,IAAI,CAAC,KAAK,CAAE,iBAAiB,CAAGe,EAAE,CAAE,IAAI,CAAC,CAACvB,cAAA,GAAAK,CAAA,OAClDC,OAAO,CAACG,gBAAgB,CAAC,cAAc,CAAE,kBAAkB,CAAC,CAACT,cAAA,GAAAK,CAAA,OAE7DC,OAAO,CAACI,MAAM,CAAG,UAAY,CAAAV,cAAA,GAAAG,CAAA,MAAAH,cAAA,GAAAK,CAAA,OACzBD,QAAQ,CAAGO,IAAI,CAACC,KAAK,CAACN,OAAO,CAACO,YAAY,CAAC,CAACb,cAAA,GAAAK,CAAA,OAE5C,GAAID,QAAQ,CAACkC,OAAO,EAAI,iCAAiC,CAAE,CAAAtC,cAAA,GAAAkC,CAAA,SAAAlC,cAAA,GAAAK,CAAA,OACvDmB,QAAQ,CAACC,cAAc,CAAC,aAAa,CAAC,CAACC,SAAS,CAAG,mBAAmB,CAAGG,QAAQ,CAACZ,IAAI,CAAG,GAAG,CAACjB,cAAA,GAAAK,CAAA,OAC7FmB,QAAQ,CAACC,cAAc,CAAC,aAAa,CAAC,CAACU,YAAY,CAAC,OAAO,CAAE,cAAc,CAAC,CAACnC,cAAA,GAAAK,CAAA,OAC7EmC,MAAM,CAACtB,QAAQ,CAACuB,IAAI,CAAG,WAAW,CACtC,CAAC,IACI,CAAAzC,cAAA,GAAAkC,CAAA,SAAAlC,cAAA,GAAAK,CAAA,OACDmB,QAAQ,CAACC,cAAc,CAAC,aAAa,CAAC,CAACC,SAAS,CAAG,0BAA0B,CAAC1B,cAAA,GAAAK,CAAA,OAC9EmB,QAAQ,CAACC,cAAc,CAAC,aAAa,CAAC,CAACU,YAAY,CAAC,OAAO,CAAE,aAAa,CAAC,CAC/E,CACJ,CAAC,CAACnC,cAAA,GAAAK,CAAA,OACFC,OAAO,CAACqB,IAAI,CAAChB,IAAI,CAACU,SAAS,CAACQ,QAAQ,CAAC,CAAC,CAC1C,CAEA,QAAS,CAAAmB,cAAcA,CAACC,UAAU,CAAE,CAAAjD,cAAA,GAAAG,CAAA,MAChC,GAAI,CAAAC,QAAQ,EAAAJ,cAAA,GAAAK,CAAA,OAAG,EAAE,EAEjB,GAAI,CAAAC,OAAO,EAAAN,cAAA,GAAAK,CAAA,OAAG,GAAI,CAAAE,cAAc,CAAC,CAAC,EAACP,cAAA,GAAAK,CAAA,OAEnCC,OAAO,CAACE,IAAI,CAAC,QAAQ,CAAE,mBAAmB,CAAGyC,UAAU,CAAE,IAAI,CAAC,CAACjD,cAAA,GAAAK,CAAA,OAC/DC,OAAO,CAACG,gBAAgB,CAAC,cAAc,CAAE,kBAAkB,CAAC,CAACT,cAAA,GAAAK,CAAA,OAE7DC,OAAO,CAACI,MAAM,CAAG,UAAY,CAAAV,cAAA,GAAAG,CAAA,MAAAH,cAAA,GAAAK,CAAA,OACzBD,QAAQ,CAAGO,IAAI,CAACC,KAAK,CAACN,OAAO,CAACO,YAAY,CAAC,CAACb,cAAA,GAAAK,CAAA,OAE5C,GAAID,QAAQ,CAACkC,OAAO,EAAI,gCAAgC,CAAE,CAAAtC,cAAA,GAAAkC,CAAA,SAAAlC,cAAA,GAAAK,CAAA,OACtDmC,MAAM,CAACtB,QAAQ,CAACuB,IAAI,CAAG,WAAW,CACtC,CAAC,IACI,CAAAzC,cAAA,GAAAkC,CAAA,SAAAlC,cAAA,GAAAK,CAAA,OACD6C,KAAK,CAAC,4BAA4B,CAAC,CACvC,CACJ,CAAC,CAAClD,cAAA,GAAAK,CAAA,OACFC,OAAO,CAACqB,IAAI,CAAC,CAAC,CAClB"},"all":true},"C:\\Users\\radio\\Documents\\DVOPS_Projects\\resource-mgmt\\public\\instrumentd\\js\\login.js":{"path":"C:\\Users\\radio\\Documents\\DVOPS_Projects\\resource-mgmt\\public\\instrumentd\\js\\login.js","statementMap":{"0":{"start":{"line":1,"column":35},"end":{"line":1,"column":117}},"1":{"start":{"line":1,"column":127},"end":{"line":1,"column":169}},"2":{"start":{"line":1,"column":181},"end":{"line":1,"column":210}},"3":{"start":{"line":1,"column":219},"end":{"line":1,"column":233}},"4":{"start":{"line":1,"column":251},"end":{"line":1,"column":2489}},"5":{"start":{"line":1,"column":2503},"end":{"line":1,"column":2532}},"6":{"start":{"line":1,"column":2533},"end":{"line":1,"column":2610}},"7":{"start":{"line":1,"column":2581},"end":{"line":1,"column":2609}},"8":{"start":{"line":1,"column":2629},"end":{"line":1,"column":2643}},"9":{"start":{"line":2,"column":0},"end":{"line":2,"column":50}},"10":{"start":{"line":2,"column":26},"end":{"line":2,"column":48}},"11":{"start":{"line":2,"column":51},"end":{"line":2,"column":73}},"12":{"start":{"line":2,"column":74},"end":{"line":2,"column":91}},"13":{"start":{"line":2,"column":108},"end":{"line":2,"column":132}},"14":{"start":{"line":2,"column":146},"end":{"line":2,"column":172}},"15":{"start":{"line":2,"column":188},"end":{"line":2,"column":224}},"16":{"start":{"line":2,"column":226},"end":{"line":2,"column":250}},"17":{"start":{"line":2,"column":250},"end":{"line":2,"column":304}},"18":{"start":{"line":2,"column":304},"end":{"line":2,"column":328}},"19":{"start":{"line":2,"column":328},"end":{"line":2,"column":388}},"20":{"start":{"line":2,"column":388},"end":{"line":2,"column":412}},"21":{"start":{"line":2,"column":412},"end":{"line":2,"column":702}},"22":{"start":{"line":2,"column":516},"end":{"line":2,"column":543}},"23":{"start":{"line":2,"column":543},"end":{"line":2,"column":567}},"24":{"start":{"line":2,"column":567},"end":{"line":2,"column":637}},"25":{"start":{"line":2,"column":637},"end":{"line":2,"column":661}},"26":{"start":{"line":2,"column":661},"end":{"line":2,"column":668}},"27":{"start":{"line":2,"column":674},"end":{"line":2,"column":701}},"28":{"start":{"line":2,"column":715},"end":{"line":2,"column":759}},"29":{"start":{"line":2,"column":761},"end":{"line":2,"column":785}},"30":{"start":{"line":2,"column":785},"end":{"line":2,"column":820}},"31":{"start":{"line":2,"column":820},"end":{"line":2,"column":844}},"32":{"start":{"line":2,"column":844},"end":{"line":2,"column":904}},"33":{"start":{"line":2,"column":904},"end":{"line":2,"column":929}},"34":{"start":{"line":2,"column":929},"end":{"line":2,"column":1444}},"35":{"start":{"line":2,"column":955},"end":{"line":2,"column":979}},"36":{"start":{"line":2,"column":979},"end":{"line":2,"column":1004}},"37":{"start":{"line":2,"column":1004},"end":{"line":2,"column":1046}},"38":{"start":{"line":2,"column":1046},"end":{"line":2,"column":1071}},"39":{"start":{"line":2,"column":1071},"end":{"line":2,"column":1093}},"40":{"start":{"line":2,"column":1093},"end":{"line":2,"column":1118}},"41":{"start":{"line":2,"column":1118},"end":{"line":2,"column":1442}},"42":{"start":{"line":2,"column":1160},"end":{"line":2,"column":1187}},"43":{"start":{"line":2,"column":1187},"end":{"line":2,"column":1212}},"44":{"start":{"line":2,"column":1212},"end":{"line":2,"column":1259}},"45":{"start":{"line":2,"column":1259},"end":{"line":2,"column":1284}},"46":{"start":{"line":2,"column":1284},"end":{"line":2,"column":1317}},"47":{"start":{"line":2,"column":1323},"end":{"line":2,"column":1350}},"48":{"start":{"line":2,"column":1350},"end":{"line":2,"column":1375}},"49":{"start":{"line":2,"column":1375},"end":{"line":2,"column":1441}},"50":{"start":{"line":2,"column":1444},"end":{"line":2,"column":1469}},"51":{"start":{"line":2,"column":1469},"end":{"line":2,"column":1508}}},"fnMap":{"0":{"name":"cov_1n5j9ug4ev","decl":{"start":{"line":1,"column":9},"end":{"line":1,"column":23}},"loc":{"start":{"line":1,"column":25},"end":{"line":2,"column":74}},"line":1},"1":{"name":"(anonymous_1)","decl":{"start":{"line":2,"column":15},"end":{"line":2,"column":16}},"loc":{"start":{"line":2,"column":25},"end":{"line":2,"column":49}},"line":2},"2":{"name":"login","decl":{"start":{"line":2,"column":100},"end":{"line":2,"column":105}},"loc":{"start":{"line":2,"column":107},"end":{"line":2,"column":1509}},"line":2},"3":{"name":"(anonymous_3)","decl":{"start":{"line":2,"column":944},"end":{"line":2,"column":945}},"loc":{"start":{"line":2,"column":954},"end":{"line":2,"column":1443}},"line":2}},"branchMap":{"0":{"loc":{"start":{"line":1,"column":2503},"end":{"line":1,"column":2532}},"type":"binary-expr","locations":[{"start":{"line":1,"column":2503},"end":{"line":1,"column":2514}},{"start":{"line":1,"column":2517},"end":{"line":1,"column":2531}}],"line":1},"1":{"loc":{"start":{"line":1,"column":2533},"end":{"line":1,"column":2610}},"type":"if","locations":[{"start":{"line":1,"column":2533},"end":{"line":1,"column":2610}},{"start":{"line":1,"column":2533},"end":{"line":1,"column":2610}}],"line":1},"2":{"loc":{"start":{"line":1,"column":2536},"end":{"line":1,"column":2579}},"type":"binary-expr","locations":[{"start":{"line":1,"column":2536},"end":{"line":1,"column":2551}},{"start":{"line":1,"column":2553},"end":{"line":1,"column":2579}}],"line":1},"3":{"loc":{"start":{"line":2,"column":412},"end":{"line":2,"column":702}},"type":"if","locations":[{"start":{"line":2,"column":412},"end":{"line":2,"column":702}},{"start":{"line":2,"column":412},"end":{"line":2,"column":702}}],"line":2},"4":{"loc":{"start":{"line":2,"column":415},"end":{"line":2,"column":514}},"type":"binary-expr","locations":[{"start":{"line":2,"column":416},"end":{"line":2,"column":461}},{"start":{"line":2,"column":465},"end":{"line":2,"column":513}}],"line":2},"5":{"loc":{"start":{"line":2,"column":1118},"end":{"line":2,"column":1442}},"type":"if","locations":[{"start":{"line":2,"column":1118},"end":{"line":2,"column":1442}},{"start":{"line":2,"column":1118},"end":{"line":2,"column":1442}}],"line":2}},"s":{"0":0,"1":0,"2":0,"3":0,"4":0,"5":0,"6":0,"7":0,"8":0,"9":0,"10":0,"11":0,"12":0,"13":0,"14":0,"15":0,"16":0,"17":0,"18":0,"19":0,"20":0,"21":0,"22":0,"23":0,"24":0,"25":0,"26":0,"27":0,"28":0,"29":0,"30":0,"31":0,"32":0,"33":0,"34":0,"35":0,"36":0,"37":0,"38":0,"39":0,"40":0,"41":0,"42":0,"43":0,"44":0,"45":0,"46":0,"47":0,"48":0,"49":0,"50":0,"51":0},"f":{"0":0,"1":0,"2":0,"3":0},"b":{"0":[0,0],"1":[0,0],"2":[0,0],"3":[0,0],"4":[0,0],"5":[0,0]},"inputSourceMap":{"version":3,"names":["cov_1n5j9ug4ev","actualCoverage","login","f","response","s","jsonData","Object","email","document","getElementById","value","password","b","innerHTML","request","XMLHttpRequest","open","setRequestHeader","onload","JSON","parse","responseText","console","log","message","sessionStorage","setItem","window","location","href","send","stringify"],"sources":["login.js"],"sourcesContent":["function login() {\r\n    var response = \"\";\r\n    var jsonData = new Object();\r\n    jsonData.email = document.getElementById(\"email\").value;\r\n    jsonData.password = document.getElementById(\"password\").value;\r\n    if (jsonData.email == \"\" || jsonData.password == \"\") {\r\n        document.getElementById(\"error\").innerHTML = 'All fields are required!';\r\n        return;\r\n    }\r\n    var request = new XMLHttpRequest();\r\n    request.open(\"POST\", \"/login\", true);\r\n    request.setRequestHeader('Content-Type', 'application/json');\r\n    request.onload = function () {\r\n        response = JSON.parse(request.responseText);\r\n        console.log(response)\r\n        if (response.message == \"Login successful!\") {\r\n            sessionStorage.setItem(\"email\", jsonData.email);\r\n            window.location.href = 'home.html';\r\n        }\r\n        else {\r\n            document.getElementById(\"error\").innerHTML = 'Invalid credentials!';\r\n        }\r\n    };\r\n    request.send(JSON.stringify(jsonData));\r\n}"],"mappings":"qlFAeY;AAAAA,cAAA,SAAAA,CAAA,SAAAC,cAAA,WAAAA,cAAA,EAAAD,cAAA,GAfZ,QAAS,CAAAE,KAAKA,CAAA,CAAG,CAAAF,cAAA,GAAAG,CAAA,MACb,GAAI,CAAAC,QAAQ,EAAAJ,cAAA,GAAAK,CAAA,MAAG,EAAE,EACjB,GAAI,CAAAC,QAAQ,EAAAN,cAAA,GAAAK,CAAA,MAAG,GAAI,CAAAE,MAAM,CAAC,CAAC,EAACP,cAAA,GAAAK,CAAA,MAC5BC,QAAQ,CAACE,KAAK,CAAGC,QAAQ,CAACC,cAAc,CAAC,OAAO,CAAC,CAACC,KAAK,CAACX,cAAA,GAAAK,CAAA,MACxDC,QAAQ,CAACM,QAAQ,CAAGH,QAAQ,CAACC,cAAc,CAAC,UAAU,CAAC,CAACC,KAAK,CAACX,cAAA,GAAAK,CAAA,MAC9D,GAAI,CAAAL,cAAA,GAAAa,CAAA,SAAAP,QAAQ,CAACE,KAAK,EAAI,EAAE,IAAAR,cAAA,GAAAa,CAAA,SAAIP,QAAQ,CAACM,QAAQ,EAAI,EAAE,EAAE,CAAAZ,cAAA,GAAAa,CAAA,SAAAb,cAAA,GAAAK,CAAA,MACjDI,QAAQ,CAACC,cAAc,CAAC,OAAO,CAAC,CAACI,SAAS,CAAG,0BAA0B,CAACd,cAAA,GAAAK,CAAA,MACxE,OACJ,CAAC,KAAAL,cAAA,GAAAa,CAAA,UACD,GAAI,CAAAE,OAAO,EAAAf,cAAA,GAAAK,CAAA,MAAG,GAAI,CAAAW,cAAc,CAAC,CAAC,EAAChB,cAAA,GAAAK,CAAA,MACnCU,OAAO,CAACE,IAAI,CAAC,MAAM,CAAE,QAAQ,CAAE,IAAI,CAAC,CAACjB,cAAA,GAAAK,CAAA,MACrCU,OAAO,CAACG,gBAAgB,CAAC,cAAc,CAAE,kBAAkB,CAAC,CAAClB,cAAA,GAAAK,CAAA,OAC7DU,OAAO,CAACI,MAAM,CAAG,UAAY,CAAAnB,cAAA,GAAAG,CAAA,MAAAH,cAAA,GAAAK,CAAA,OACzBD,QAAQ,CAAGgB,IAAI,CAACC,KAAK,CAACN,OAAO,CAACO,YAAY,CAAC,CAACtB,cAAA,GAAAK,CAAA,OAC5CkB,OAAO,CAACC,GAAG,CAACpB,QAAQ,CAAC,CAAAJ,cAAA,GAAAK,CAAA,OACrB,GAAID,QAAQ,CAACqB,OAAO,EAAI,mBAAmB,CAAE,CAAAzB,cAAA,GAAAa,CAAA,SAAAb,cAAA,GAAAK,CAAA,OACzCqB,cAAc,CAACC,OAAO,CAAC,OAAO,CAAErB,QAAQ,CAACE,KAAK,CAAC,CAACR,cAAA,GAAAK,CAAA,OAChDuB,MAAM,CAACC,QAAQ,CAACC,IAAI,CAAG,WAAW,CACtC,CAAC,IACI,CAAA9B,cAAA,GAAAa,CAAA,SAAAb,cAAA,GAAAK,CAAA,OACDI,QAAQ,CAACC,cAAc,CAAC,OAAO,CAAC,CAACI,SAAS,CAAG,sBAAsB,CACvE,CACJ,CAAC,CAACd,cAAA,GAAAK,CAAA,OACFU,OAAO,CAACgB,IAAI,CAACX,IAAI,CAACY,SAAS,CAAC1B,QAAQ,CAAC,CAAC,CAC1C"},"all":true},"C:\\Users\\radio\\Documents\\DVOPS_Projects\\resource-mgmt\\public\\instrumentd\\js\\register.js":{"path":"C:\\Users\\radio\\Documents\\DVOPS_Projects\\resource-mgmt\\public\\instrumentd\\js\\register.js","statementMap":{"0":{"start":{"line":1,"column":35},"end":{"line":1,"column":120}},"1":{"start":{"line":1,"column":130},"end":{"line":1,"column":172}},"2":{"start":{"line":1,"column":184},"end":{"line":1,"column":213}},"3":{"start":{"line":1,"column":222},"end":{"line":1,"column":236}},"4":{"start":{"line":1,"column":254},"end":{"line":1,"column":2940}},"5":{"start":{"line":1,"column":2954},"end":{"line":1,"column":2983}},"6":{"start":{"line":1,"column":2984},"end":{"line":1,"column":3061}},"7":{"start":{"line":1,"column":3032},"end":{"line":1,"column":3060}},"8":{"start":{"line":1,"column":3080},"end":{"line":1,"column":3094}},"9":{"start":{"line":2,"column":0},"end":{"line":2,"column":50}},"10":{"start":{"line":2,"column":26},"end":{"line":2,"column":48}},"11":{"start":{"line":2,"column":51},"end":{"line":2,"column":73}},"12":{"start":{"line":2,"column":74},"end":{"line":2,"column":91}},"13":{"start":{"line":2,"column":111},"end":{"line":2,"column":135}},"14":{"start":{"line":2,"column":149},"end":{"line":2,"column":175}},"15":{"start":{"line":2,"column":191},"end":{"line":2,"column":227}},"16":{"start":{"line":2,"column":229},"end":{"line":2,"column":253}},"17":{"start":{"line":2,"column":253},"end":{"line":2,"column":307}},"18":{"start":{"line":2,"column":307},"end":{"line":2,"column":331}},"19":{"start":{"line":2,"column":331},"end":{"line":2,"column":391}},"20":{"start":{"line":2,"column":412},"end":{"line":2,"column":484}},"21":{"start":{"line":2,"column":486},"end":{"line":2,"column":510}},"22":{"start":{"line":2,"column":510},"end":{"line":2,"column":1100}},"23":{"start":{"line":2,"column":664},"end":{"line":2,"column":691}},"24":{"start":{"line":2,"column":691},"end":{"line":2,"column":715}},"25":{"start":{"line":2,"column":715},"end":{"line":2,"column":785}},"26":{"start":{"line":2,"column":785},"end":{"line":2,"column":809}},"27":{"start":{"line":2,"column":809},"end":{"line":2,"column":816}},"28":{"start":{"line":2,"column":822},"end":{"line":2,"column":849}},"29":{"start":{"line":2,"column":849},"end":{"line":2,"column":873}},"30":{"start":{"line":2,"column":873},"end":{"line":2,"column":1099}},"31":{"start":{"line":2,"column":912},"end":{"line":2,"column":939}},"32":{"start":{"line":2,"column":939},"end":{"line":2,"column":963}},"33":{"start":{"line":2,"column":963},"end":{"line":2,"column":1033}},"34":{"start":{"line":2,"column":1033},"end":{"line":2,"column":1058}},"35":{"start":{"line":2,"column":1058},"end":{"line":2,"column":1065}},"36":{"start":{"line":2,"column":1071},"end":{"line":2,"column":1098}},"37":{"start":{"line":2,"column":1113},"end":{"line":2,"column":1158}},"38":{"start":{"line":2,"column":1160},"end":{"line":2,"column":1185}},"39":{"start":{"line":2,"column":1185},"end":{"line":2,"column":1223}},"40":{"start":{"line":2,"column":1223},"end":{"line":2,"column":1248}},"41":{"start":{"line":2,"column":1248},"end":{"line":2,"column":1308}},"42":{"start":{"line":2,"column":1308},"end":{"line":2,"column":1333}},"43":{"start":{"line":2,"column":1333},"end":{"line":2,"column":1769}},"44":{"start":{"line":2,"column":1359},"end":{"line":2,"column":1383}},"45":{"start":{"line":2,"column":1383},"end":{"line":2,"column":1408}},"46":{"start":{"line":2,"column":1408},"end":{"line":2,"column":1450}},"47":{"start":{"line":2,"column":1450},"end":{"line":2,"column":1475}},"48":{"start":{"line":2,"column":1475},"end":{"line":2,"column":1497}},"49":{"start":{"line":2,"column":1497},"end":{"line":2,"column":1522}},"50":{"start":{"line":2,"column":1522},"end":{"line":2,"column":1767}},"51":{"start":{"line":2,"column":1554},"end":{"line":2,"column":1581}},"52":{"start":{"line":2,"column":1581},"end":{"line":2,"column":1606}},"53":{"start":{"line":2,"column":1606},"end":{"line":2,"column":1640}},"54":{"start":{"line":2,"column":1646},"end":{"line":2,"column":1673}},"55":{"start":{"line":2,"column":1673},"end":{"line":2,"column":1698}},"56":{"start":{"line":2,"column":1698},"end":{"line":2,"column":1766}},"57":{"start":{"line":2,"column":1769},"end":{"line":2,"column":1794}},"58":{"start":{"line":2,"column":1794},"end":{"line":2,"column":1833}}},"fnMap":{"0":{"name":"cov_1vkcswrk1l","decl":{"start":{"line":1,"column":9},"end":{"line":1,"column":23}},"loc":{"start":{"line":1,"column":25},"end":{"line":2,"column":74}},"line":1},"1":{"name":"(anonymous_1)","decl":{"start":{"line":2,"column":15},"end":{"line":2,"column":16}},"loc":{"start":{"line":2,"column":25},"end":{"line":2,"column":49}},"line":2},"2":{"name":"register","decl":{"start":{"line":2,"column":100},"end":{"line":2,"column":108}},"loc":{"start":{"line":2,"column":110},"end":{"line":2,"column":1834}},"line":2},"3":{"name":"(anonymous_3)","decl":{"start":{"line":2,"column":1348},"end":{"line":2,"column":1349}},"loc":{"start":{"line":2,"column":1358},"end":{"line":2,"column":1768}},"line":2}},"branchMap":{"0":{"loc":{"start":{"line":1,"column":2954},"end":{"line":1,"column":2983}},"type":"binary-expr","locations":[{"start":{"line":1,"column":2954},"end":{"line":1,"column":2965}},{"start":{"line":1,"column":2968},"end":{"line":1,"column":2982}}],"line":1},"1":{"loc":{"start":{"line":1,"column":2984},"end":{"line":1,"column":3061}},"type":"if","locations":[{"start":{"line":1,"column":2984},"end":{"line":1,"column":3061}},{"start":{"line":1,"column":2984},"end":{"line":1,"column":3061}}],"line":1},"2":{"loc":{"start":{"line":1,"column":2987},"end":{"line":1,"column":3030}},"type":"binary-expr","locations":[{"start":{"line":1,"column":2987},"end":{"line":1,"column":3002}},{"start":{"line":1,"column":3004},"end":{"line":1,"column":3030}}],"line":1},"3":{"loc":{"start":{"line":2,"column":510},"end":{"line":2,"column":1100}},"type":"if","locations":[{"start":{"line":2,"column":510},"end":{"line":2,"column":1100}},{"start":{"line":2,"column":510},"end":{"line":2,"column":1100}}],"line":2},"4":{"loc":{"start":{"line":2,"column":513},"end":{"line":2,"column":662}},"type":"binary-expr","locations":[{"start":{"line":2,"column":514},"end":{"line":2,"column":559}},{"start":{"line":2,"column":563},"end":{"line":2,"column":611}},{"start":{"line":2,"column":615},"end":{"line":2,"column":661}}],"line":2},"5":{"loc":{"start":{"line":2,"column":873},"end":{"line":2,"column":1099}},"type":"if","locations":[{"start":{"line":2,"column":873},"end":{"line":2,"column":1099}},{"start":{"line":2,"column":873},"end":{"line":2,"column":1099}}],"line":2},"6":{"loc":{"start":{"line":2,"column":1522},"end":{"line":2,"column":1767}},"type":"if","locations":[{"start":{"line":2,"column":1522},"end":{"line":2,"column":1767}},{"start":{"line":2,"column":1522},"end":{"line":2,"column":1767}}],"line":2}},"s":{"0":0,"1":0,"2":0,"3":0,"4":0,"5":0,"6":0,"7":0,"8":0,"9":0,"10":0,"11":0,"12":0,"13":0,"14":0,"15":0,"16":0,"17":0,"18":0,"19":0,"20":0,"21":0,"22":0,"23":0,"24":0,"25":0,"26":0,"27":0,"28":0,"29":0,"30":0,"31":0,"32":0,"33":0,"34":0,"35":0,"36":0,"37":0,"38":0,"39":0,"40":0,"41":0,"42":0,"43":0,"44":0,"45":0,"46":0,"47":0,"48":0,"49":0,"50":0,"51":0,"52":0,"53":0,"54":0,"55":0,"56":0,"57":0,"58":0},"f":{"0":0,"1":0,"2":0,"3":0},"b":{"0":[0,0],"1":[0,0],"2":[0,0],"3":[0,0],"4":[0,0,0],"5":[0,0],"6":[0,0]},"inputSourceMap":{"version":3,"names":["cov_1vkcswrk1l","actualCoverage","register","f","response","s","jsonData","Object","email","document","getElementById","value","password","confirmPassword","b","innerHTML","request","XMLHttpRequest","open","setRequestHeader","onload","JSON","parse","responseText","console","log","message","undefined","window","location","href","send","stringify"],"sources":["register.js"],"sourcesContent":["function register() {\r\n    var response = \"\";\r\n    var jsonData = new Object();\r\n    jsonData.email = document.getElementById(\"email\").value;\r\n    jsonData.password = document.getElementById(\"password\").value;\r\n    var confirmPassword = document.getElementById(\"confirmPassword\").value;\r\n    if (jsonData.email == \"\" || jsonData.password == \"\" || confirmPassword == \"\") {\r\n        document.getElementById(\"error\").innerHTML = 'All fields are required!';\r\n        return;\r\n    }\r\n    else if (jsonData.password != confirmPassword) {\r\n        document.getElementById(\"error\").innerHTML = 'Password does not match!';\r\n        return;\r\n    }\r\n    var request = new XMLHttpRequest();\r\n    request.open(\"POST\", \"/register\", true);\r\n    request.setRequestHeader('Content-Type', 'application/json');\r\n    request.onload = function () {\r\n        response = JSON.parse(request.responseText);\r\n        console.log(response)\r\n        if (response.message == undefined) {\r\n            window.location.href = 'index.html';\r\n        }\r\n        else {\r\n            document.getElementById(\"error\").innerHTML = 'Authentication failed!';\r\n        }\r\n    };\r\n    request.send(JSON.stringify(jsonData));\r\n}\r\n"],"mappings":"whGAeY;AAAAA,cAAA,SAAAA,CAAA,SAAAC,cAAA,WAAAA,cAAA,EAAAD,cAAA,GAfZ,QAAS,CAAAE,QAAQA,CAAA,CAAG,CAAAF,cAAA,GAAAG,CAAA,MAChB,GAAI,CAAAC,QAAQ,EAAAJ,cAAA,GAAAK,CAAA,MAAG,EAAE,EACjB,GAAI,CAAAC,QAAQ,EAAAN,cAAA,GAAAK,CAAA,MAAG,GAAI,CAAAE,MAAM,CAAC,CAAC,EAACP,cAAA,GAAAK,CAAA,MAC5BC,QAAQ,CAACE,KAAK,CAAGC,QAAQ,CAACC,cAAc,CAAC,OAAO,CAAC,CAACC,KAAK,CAACX,cAAA,GAAAK,CAAA,MACxDC,QAAQ,CAACM,QAAQ,CAAGH,QAAQ,CAACC,cAAc,CAAC,UAAU,CAAC,CAACC,KAAK,CAC7D,GAAI,CAAAE,eAAe,EAAAb,cAAA,GAAAK,CAAA,MAAGI,QAAQ,CAACC,cAAc,CAAC,iBAAiB,CAAC,CAACC,KAAK,EAACX,cAAA,GAAAK,CAAA,MACvE,GAAI,CAAAL,cAAA,GAAAc,CAAA,SAAAR,QAAQ,CAACE,KAAK,EAAI,EAAE,IAAAR,cAAA,GAAAc,CAAA,SAAIR,QAAQ,CAACM,QAAQ,EAAI,EAAE,IAAAZ,cAAA,GAAAc,CAAA,SAAID,eAAe,EAAI,EAAE,EAAE,CAAAb,cAAA,GAAAc,CAAA,SAAAd,cAAA,GAAAK,CAAA,MAC1EI,QAAQ,CAACC,cAAc,CAAC,OAAO,CAAC,CAACK,SAAS,CAAG,0BAA0B,CAACf,cAAA,GAAAK,CAAA,MACxE,OACJ,CAAC,IACI,CAAAL,cAAA,GAAAc,CAAA,SAAAd,cAAA,GAAAK,CAAA,SAAIC,QAAQ,CAACM,QAAQ,EAAIC,eAAe,CAAE,CAAAb,cAAA,GAAAc,CAAA,SAAAd,cAAA,GAAAK,CAAA,MAC3CI,QAAQ,CAACC,cAAc,CAAC,OAAO,CAAC,CAACK,SAAS,CAAG,0BAA0B,CAACf,cAAA,GAAAK,CAAA,OACxE,OACJ,CAAC,KAAAL,cAAA,GAAAc,CAAA,UAAD,CACA,GAAI,CAAAE,OAAO,EAAAhB,cAAA,GAAAK,CAAA,OAAG,GAAI,CAAAY,cAAc,CAAC,CAAC,EAACjB,cAAA,GAAAK,CAAA,OACnCW,OAAO,CAACE,IAAI,CAAC,MAAM,CAAE,WAAW,CAAE,IAAI,CAAC,CAAClB,cAAA,GAAAK,CAAA,OACxCW,OAAO,CAACG,gBAAgB,CAAC,cAAc,CAAE,kBAAkB,CAAC,CAACnB,cAAA,GAAAK,CAAA,OAC7DW,OAAO,CAACI,MAAM,CAAG,UAAY,CAAApB,cAAA,GAAAG,CAAA,MAAAH,cAAA,GAAAK,CAAA,OACzBD,QAAQ,CAAGiB,IAAI,CAACC,KAAK,CAACN,OAAO,CAACO,YAAY,CAAC,CAACvB,cAAA,GAAAK,CAAA,OAC5CmB,OAAO,CAACC,GAAG,CAACrB,QAAQ,CAAC,CAAAJ,cAAA,GAAAK,CAAA,OACrB,GAAID,QAAQ,CAACsB,OAAO,EAAIC,SAAS,CAAE,CAAA3B,cAAA,GAAAc,CAAA,SAAAd,cAAA,GAAAK,CAAA,OAC/BuB,MAAM,CAACC,QAAQ,CAACC,IAAI,CAAG,YAAY,CACvC,CAAC,IACI,CAAA9B,cAAA,GAAAc,CAAA,SAAAd,cAAA,GAAAK,CAAA,OACDI,QAAQ,CAACC,cAAc,CAAC,OAAO,CAAC,CAACK,SAAS,CAAG,wBAAwB,CACzE,CACJ,CAAC,CAACf,cAAA,GAAAK,CAAA,OACFW,OAAO,CAACe,IAAI,CAACV,IAAI,CAACW,SAAS,CAAC1B,QAAQ,CAAC,CAAC,CAC1C"},"all":true},"C:\\Users\\radio\\Documents\\DVOPS_Projects\\resource-mgmt\\public\\instrumented\\js\\home.js":{"path":"C:\\Users\\radio\\Documents\\DVOPS_Projects\\resource-mgmt\\public\\instrumented\\js\\home.js","statementMap":{"0":{"start":{"line":1,"column":35},"end":{"line":1,"column":116}},"1":{"start":{"line":1,"column":126},"end":{"line":1,"column":168}},"2":{"start":{"line":1,"column":180},"end":{"line":1,"column":209}},"3":{"start":{"line":1,"column":218},"end":{"line":1,"column":232}},"4":{"start":{"line":1,"column":250},"end":{"line":1,"column":8417}},"5":{"start":{"line":1,"column":8431},"end":{"line":1,"column":8460}},"6":{"start":{"line":1,"column":8461},"end":{"line":1,"column":8538}},"7":{"start":{"line":1,"column":8509},"end":{"line":1,"column":8537}},"8":{"start":{"line":1,"column":8557},"end":{"line":1,"column":8571}},"9":{"start":{"line":2,"column":0},"end":{"line":2,"column":50}},"10":{"start":{"line":2,"column":26},"end":{"line":2,"column":48}},"11":{"start":{"line":2,"column":51},"end":{"line":2,"column":73}},"12":{"start":{"line":2,"column":74},"end":{"line":2,"column":91}},"13":{"start":{"line":2,"column":116},"end":{"line":2,"column":140}},"14":{"start":{"line":2,"column":154},"end":{"line":2,"column":180}},"15":{"start":{"line":2,"column":195},"end":{"line":2,"column":239}},"16":{"start":{"line":2,"column":241},"end":{"line":2,"column":265}},"17":{"start":{"line":2,"column":265},"end":{"line":2,"column":308}},"18":{"start":{"line":2,"column":308},"end":{"line":2,"column":332}},"19":{"start":{"line":2,"column":332},"end":{"line":2,"column":392}},"20":{"start":{"line":2,"column":392},"end":{"line":2,"column":416}},"21":{"start":{"line":2,"column":416},"end":{"line":2,"column":1218}},"22":{"start":{"line":2,"column":442},"end":{"line":2,"column":466}},"23":{"start":{"line":2,"column":466},"end":{"line":2,"column":490}},"24":{"start":{"line":2,"column":490},"end":{"line":2,"column":532}},"25":{"start":{"line":2,"column":542},"end":{"line":2,"column":568}},"26":{"start":{"line":2,"column":570},"end":{"line":2,"column":594}},"27":{"start":{"line":2,"column":594},"end":{"line":2,"column":1136}},"28":{"start":{"line":2,"column":605},"end":{"line":2,"column":630}},"29":{"start":{"line":2,"column":655},"end":{"line":2,"column":679}},"30":{"start":{"line":2,"column":679},"end":{"line":2,"column":1135}},"31":{"start":{"line":2,"column":1136},"end":{"line":2,"column":1161}},"32":{"start":{"line":2,"column":1161},"end":{"line":2,"column":1216}},"33":{"start":{"line":2,"column":1218},"end":{"line":2,"column":1243}},"34":{"start":{"line":2,"column":1243},"end":{"line":2,"column":1258}},"35":{"start":{"line":2,"column":1282},"end":{"line":2,"column":1306}},"36":{"start":{"line":2,"column":1320},"end":{"line":2,"column":1347}},"37":{"start":{"line":2,"column":1363},"end":{"line":2,"column":1400}},"38":{"start":{"line":2,"column":1402},"end":{"line":2,"column":1427}},"39":{"start":{"line":2,"column":1427},"end":{"line":2,"column":1479}},"40":{"start":{"line":2,"column":1479},"end":{"line":2,"column":1504}},"41":{"start":{"line":2,"column":1504},"end":{"line":2,"column":1564}},"42":{"start":{"line":2,"column":1564},"end":{"line":2,"column":1589}},"43":{"start":{"line":2,"column":1589},"end":{"line":2,"column":1655}},"44":{"start":{"line":2,"column":1655},"end":{"line":2,"column":1680}},"45":{"start":{"line":2,"column":1680},"end":{"line":2,"column":1727}},"46":{"start":{"line":2,"column":1727},"end":{"line":2,"column":1752}},"47":{"start":{"line":2,"column":1752},"end":{"line":2,"column":2196}},"48":{"start":{"line":2,"column":1910},"end":{"line":2,"column":1937}},"49":{"start":{"line":2,"column":1937},"end":{"line":2,"column":1962}},"50":{"start":{"line":2,"column":1962},"end":{"line":2,"column":2034}},"51":{"start":{"line":2,"column":2034},"end":{"line":2,"column":2059}},"52":{"start":{"line":2,"column":2059},"end":{"line":2,"column":2130}},"53":{"start":{"line":2,"column":2130},"end":{"line":2,"column":2155}},"54":{"start":{"line":2,"column":2155},"end":{"line":2,"column":2162}},"55":{"start":{"line":2,"column":2168},"end":{"line":2,"column":2195}},"56":{"start":{"line":2,"column":2209},"end":{"line":2,"column":2254}},"57":{"start":{"line":2,"column":2256},"end":{"line":2,"column":2281}},"58":{"start":{"line":2,"column":2281},"end":{"line":2,"column":2323}},"59":{"start":{"line":2,"column":2323},"end":{"line":2,"column":2348}},"60":{"start":{"line":2,"column":2348},"end":{"line":2,"column":2408}},"61":{"start":{"line":2,"column":2408},"end":{"line":2,"column":2433}},"62":{"start":{"line":2,"column":2433},"end":{"line":2,"column":3476}},"63":{"start":{"line":2,"column":2459},"end":{"line":2,"column":2483}},"64":{"start":{"line":2,"column":2483},"end":{"line":2,"column":2508}},"65":{"start":{"line":2,"column":2508},"end":{"line":2,"column":2550}},"66":{"start":{"line":2,"column":2550},"end":{"line":2,"column":2575}},"67":{"start":{"line":2,"column":2575},"end":{"line":2,"column":2597}},"68":{"start":{"line":2,"column":2597},"end":{"line":2,"column":2622}},"69":{"start":{"line":2,"column":2622},"end":{"line":2,"column":3474}},"70":{"start":{"line":2,"column":2654},"end":{"line":2,"column":2681}},"71":{"start":{"line":2,"column":2681},"end":{"line":2,"column":2706}},"72":{"start":{"line":2,"column":2706},"end":{"line":2,"column":2788}},"73":{"start":{"line":2,"column":2788},"end":{"line":2,"column":2813}},"74":{"start":{"line":2,"column":2813},"end":{"line":2,"column":2885}},"75":{"start":{"line":2,"column":2885},"end":{"line":2,"column":2910}},"76":{"start":{"line":2,"column":2910},"end":{"line":2,"column":2951}},"77":{"start":{"line":2,"column":2951},"end":{"line":2,"column":2976}},"78":{"start":{"line":2,"column":2976},"end":{"line":2,"column":3021}},"79":{"start":{"line":2,"column":3021},"end":{"line":2,"column":3046}},"80":{"start":{"line":2,"column":3046},"end":{"line":2,"column":3094}},"81":{"start":{"line":2,"column":3094},"end":{"line":2,"column":3119}},"82":{"start":{"line":2,"column":3119},"end":{"line":2,"column":3152}},"83":{"start":{"line":2,"column":3158},"end":{"line":2,"column":3185}},"84":{"start":{"line":2,"column":3185},"end":{"line":2,"column":3210}},"85":{"start":{"line":2,"column":3210},"end":{"line":2,"column":3281}},"86":{"start":{"line":2,"column":3281},"end":{"line":2,"column":3306}},"87":{"start":{"line":2,"column":3306},"end":{"line":2,"column":3377}},"88":{"start":{"line":2,"column":3377},"end":{"line":2,"column":3402}},"89":{"start":{"line":2,"column":3402},"end":{"line":2,"column":3473}},"90":{"start":{"line":2,"column":3476},"end":{"line":2,"column":3501}},"91":{"start":{"line":2,"column":3501},"end":{"line":2,"column":3540}},"92":{"start":{"line":2,"column":3569},"end":{"line":2,"column":3593}},"93":{"start":{"line":2,"column":3593},"end":{"line":2,"column":3618}},"94":{"start":{"line":2,"column":3618},"end":{"line":2,"column":3638}},"95":{"start":{"line":2,"column":3660},"end":{"line":2,"column":3701}},"96":{"start":{"line":2,"column":3703},"end":{"line":2,"column":3728}},"97":{"start":{"line":2,"column":3728},"end":{"line":2,"column":3746}},"98":{"start":{"line":2,"column":3746},"end":{"line":2,"column":3771}},"99":{"start":{"line":2,"column":3771},"end":{"line":2,"column":3835}},"100":{"start":{"line":2,"column":3835},"end":{"line":2,"column":3860}},"101":{"start":{"line":2,"column":3860},"end":{"line":2,"column":3932}},"102":{"start":{"line":2,"column":3932},"end":{"line":2,"column":3957}},"103":{"start":{"line":2,"column":3957},"end":{"line":2,"column":4035}},"104":{"start":{"line":2,"column":4035},"end":{"line":2,"column":4060}},"105":{"start":{"line":2,"column":4060},"end":{"line":2,"column":4168}},"106":{"start":{"line":2,"column":4168},"end":{"line":2,"column":4193}},"107":{"start":{"line":2,"column":4193},"end":{"line":2,"column":4231}},"108":{"start":{"line":2,"column":4260},"end":{"line":2,"column":4284}},"109":{"start":{"line":2,"column":4284},"end":{"line":2,"column":4309}},"110":{"start":{"line":2,"column":4309},"end":{"line":2,"column":4325}},"111":{"start":{"line":2,"column":4339},"end":{"line":2,"column":4366}},"112":{"start":{"line":2,"column":4382},"end":{"line":2,"column":4419}},"113":{"start":{"line":2,"column":4421},"end":{"line":2,"column":4446}},"114":{"start":{"line":2,"column":4446},"end":{"line":2,"column":4502}},"115":{"start":{"line":2,"column":4502},"end":{"line":2,"column":4527}},"116":{"start":{"line":2,"column":4527},"end":{"line":2,"column":4591}},"117":{"start":{"line":2,"column":4591},"end":{"line":2,"column":4616}},"118":{"start":{"line":2,"column":4616},"end":{"line":2,"column":4686}},"119":{"start":{"line":2,"column":4686},"end":{"line":2,"column":4711}},"120":{"start":{"line":2,"column":4711},"end":{"line":2,"column":5163}},"121":{"start":{"line":2,"column":4869},"end":{"line":2,"column":4896}},"122":{"start":{"line":2,"column":4896},"end":{"line":2,"column":4921}},"123":{"start":{"line":2,"column":4921},"end":{"line":2,"column":4997}},"124":{"start":{"line":2,"column":4997},"end":{"line":2,"column":5022}},"125":{"start":{"line":2,"column":5022},"end":{"line":2,"column":5097}},"126":{"start":{"line":2,"column":5097},"end":{"line":2,"column":5122}},"127":{"start":{"line":2,"column":5122},"end":{"line":2,"column":5129}},"128":{"start":{"line":2,"column":5135},"end":{"line":2,"column":5162}},"129":{"start":{"line":2,"column":5176},"end":{"line":2,"column":5221}},"130":{"start":{"line":2,"column":5223},"end":{"line":2,"column":5248}},"131":{"start":{"line":2,"column":5248},"end":{"line":2,"column":5294}},"132":{"start":{"line":2,"column":5294},"end":{"line":2,"column":5319}},"133":{"start":{"line":2,"column":5319},"end":{"line":2,"column":5379}},"134":{"start":{"line":2,"column":5379},"end":{"line":2,"column":5404}},"135":{"start":{"line":2,"column":5404},"end":{"line":2,"column":6137}},"136":{"start":{"line":2,"column":5430},"end":{"line":2,"column":5454}},"137":{"start":{"line":2,"column":5454},"end":{"line":2,"column":5479}},"138":{"start":{"line":2,"column":5479},"end":{"line":2,"column":5521}},"139":{"start":{"line":2,"column":5521},"end":{"line":2,"column":5546}},"140":{"start":{"line":2,"column":5546},"end":{"line":2,"column":6135}},"141":{"start":{"line":2,"column":5602},"end":{"line":2,"column":5629}},"142":{"start":{"line":2,"column":5629},"end":{"line":2,"column":5654}},"143":{"start":{"line":2,"column":5654},"end":{"line":2,"column":5741}},"144":{"start":{"line":2,"column":5741},"end":{"line":2,"column":5766}},"145":{"start":{"line":2,"column":5766},"end":{"line":2,"column":5842}},"146":{"start":{"line":2,"column":5842},"end":{"line":2,"column":5867}},"147":{"start":{"line":2,"column":5867},"end":{"line":2,"column":5900}},"148":{"start":{"line":2,"column":5906},"end":{"line":2,"column":5933}},"149":{"start":{"line":2,"column":5933},"end":{"line":2,"column":5958}},"150":{"start":{"line":2,"column":5958},"end":{"line":2,"column":6034}},"151":{"start":{"line":2,"column":6034},"end":{"line":2,"column":6059}},"152":{"start":{"line":2,"column":6059},"end":{"line":2,"column":6134}},"153":{"start":{"line":2,"column":6137},"end":{"line":2,"column":6162}},"154":{"start":{"line":2,"column":6162},"end":{"line":2,"column":6201}},"155":{"start":{"line":2,"column":6238},"end":{"line":2,"column":6262}},"156":{"start":{"line":2,"column":6276},"end":{"line":2,"column":6303}},"157":{"start":{"line":2,"column":6318},"end":{"line":2,"column":6363}},"158":{"start":{"line":2,"column":6365},"end":{"line":2,"column":6390}},"159":{"start":{"line":2,"column":6390},"end":{"line":2,"column":6449}},"160":{"start":{"line":2,"column":6449},"end":{"line":2,"column":6474}},"161":{"start":{"line":2,"column":6474},"end":{"line":2,"column":6534}},"162":{"start":{"line":2,"column":6534},"end":{"line":2,"column":6559}},"163":{"start":{"line":2,"column":6559},"end":{"line":2,"column":6938}},"164":{"start":{"line":2,"column":6585},"end":{"line":2,"column":6609}},"165":{"start":{"line":2,"column":6609},"end":{"line":2,"column":6634}},"166":{"start":{"line":2,"column":6634},"end":{"line":2,"column":6676}},"167":{"start":{"line":2,"column":6676},"end":{"line":2,"column":6701}},"168":{"start":{"line":2,"column":6701},"end":{"line":2,"column":6936}},"169":{"start":{"line":2,"column":6756},"end":{"line":2,"column":6783}},"170":{"start":{"line":2,"column":6783},"end":{"line":2,"column":6808}},"171":{"start":{"line":2,"column":6808},"end":{"line":2,"column":6841}},"172":{"start":{"line":2,"column":6847},"end":{"line":2,"column":6874}},"173":{"start":{"line":2,"column":6874},"end":{"line":2,"column":6899}},"174":{"start":{"line":2,"column":6899},"end":{"line":2,"column":6935}},"175":{"start":{"line":2,"column":6938},"end":{"line":2,"column":6963}},"176":{"start":{"line":2,"column":6963},"end":{"line":2,"column":6978}}},"fnMap":{"0":{"name":"cov_1tkgg8jbpf","decl":{"start":{"line":1,"column":9},"end":{"line":1,"column":23}},"loc":{"start":{"line":1,"column":25},"end":{"line":2,"column":74}},"line":1},"1":{"name":"(anonymous_1)","decl":{"start":{"line":2,"column":15},"end":{"line":2,"column":16}},"loc":{"start":{"line":2,"column":25},"end":{"line":2,"column":49}},"line":2},"2":{"name":"viewResources","decl":{"start":{"line":2,"column":100},"end":{"line":2,"column":113}},"loc":{"start":{"line":2,"column":115},"end":{"line":2,"column":1259}},"line":2},"3":{"name":"(anonymous_3)","decl":{"start":{"line":2,"column":431},"end":{"line":2,"column":432}},"loc":{"start":{"line":2,"column":441},"end":{"line":2,"column":1217}},"line":2},"4":{"name":"addResource","decl":{"start":{"line":2,"column":1268},"end":{"line":2,"column":1279}},"loc":{"start":{"line":2,"column":1281},"end":{"line":2,"column":3541}},"line":2},"5":{"name":"(anonymous_5)","decl":{"start":{"line":2,"column":2448},"end":{"line":2,"column":2449}},"loc":{"start":{"line":2,"column":2458},"end":{"line":2,"column":3475}},"line":2},"6":{"name":"editResource","decl":{"start":{"line":2,"column":3550},"end":{"line":2,"column":3562}},"loc":{"start":{"line":2,"column":3568},"end":{"line":2,"column":4232}},"line":2},"7":{"name":"updateResource","decl":{"start":{"line":2,"column":4241},"end":{"line":2,"column":4255}},"loc":{"start":{"line":2,"column":4259},"end":{"line":2,"column":6202}},"line":2},"8":{"name":"(anonymous_8)","decl":{"start":{"line":2,"column":5419},"end":{"line":2,"column":5420}},"loc":{"start":{"line":2,"column":5429},"end":{"line":2,"column":6136}},"line":2},"9":{"name":"deleteResource","decl":{"start":{"line":2,"column":6211},"end":{"line":2,"column":6225}},"loc":{"start":{"line":2,"column":6237},"end":{"line":2,"column":6979}},"line":2},"10":{"name":"(anonymous_10)","decl":{"start":{"line":2,"column":6574},"end":{"line":2,"column":6575}},"loc":{"start":{"line":2,"column":6584},"end":{"line":2,"column":6937}},"line":2}},"branchMap":{"0":{"loc":{"start":{"line":1,"column":8431},"end":{"line":1,"column":8460}},"type":"binary-expr","locations":[{"start":{"line":1,"column":8431},"end":{"line":1,"column":8442}},{"start":{"line":1,"column":8445},"end":{"line":1,"column":8459}}],"line":1},"1":{"loc":{"start":{"line":1,"column":8461},"end":{"line":1,"column":8538}},"type":"if","locations":[{"start":{"line":1,"column":8461},"end":{"line":1,"column":8538}},{"start":{"line":1,"column":8461},"end":{"line":1,"column":8538}}],"line":1},"2":{"loc":{"start":{"line":1,"column":8464},"end":{"line":1,"column":8507}},"type":"binary-expr","locations":[{"start":{"line":1,"column":8464},"end":{"line":1,"column":8479}},{"start":{"line":1,"column":8481},"end":{"line":1,"column":8507}}],"line":1},"3":{"loc":{"start":{"line":2,"column":1752},"end":{"line":2,"column":2196}},"type":"if","locations":[{"start":{"line":2,"column":1752},"end":{"line":2,"column":2196}},{"start":{"line":2,"column":1752},"end":{"line":2,"column":2196}}],"line":2},"4":{"loc":{"start":{"line":2,"column":1755},"end":{"line":2,"column":1908}},"type":"binary-expr","locations":[{"start":{"line":2,"column":1756},"end":{"line":2,"column":1800}},{"start":{"line":2,"column":1804},"end":{"line":2,"column":1852}},{"start":{"line":2,"column":1856},"end":{"line":2,"column":1907}}],"line":2},"5":{"loc":{"start":{"line":2,"column":2622},"end":{"line":2,"column":3474}},"type":"if","locations":[{"start":{"line":2,"column":2622},"end":{"line":2,"column":3474}},{"start":{"line":2,"column":2622},"end":{"line":2,"column":3474}}],"line":2},"6":{"loc":{"start":{"line":2,"column":4711},"end":{"line":2,"column":5163}},"type":"if","locations":[{"start":{"line":2,"column":4711},"end":{"line":2,"column":5163}},{"start":{"line":2,"column":4711},"end":{"line":2,"column":5163}}],"line":2},"7":{"loc":{"start":{"line":2,"column":4714},"end":{"line":2,"column":4867}},"type":"binary-expr","locations":[{"start":{"line":2,"column":4715},"end":{"line":2,"column":4759}},{"start":{"line":2,"column":4763},"end":{"line":2,"column":4811}},{"start":{"line":2,"column":4815},"end":{"line":2,"column":4866}}],"line":2},"8":{"loc":{"start":{"line":2,"column":5546},"end":{"line":2,"column":6135}},"type":"if","locations":[{"start":{"line":2,"column":5546},"end":{"line":2,"column":6135}},{"start":{"line":2,"column":5546},"end":{"line":2,"column":6135}}],"line":2},"9":{"loc":{"start":{"line":2,"column":6701},"end":{"line":2,"column":6936}},"type":"if","locations":[{"start":{"line":2,"column":6701},"end":{"line":2,"column":6936}},{"start":{"line":2,"column":6701},"end":{"line":2,"column":6936}}],"line":2}},"s":{"0":0,"1":0,"2":0,"3":0,"4":0,"5":0,"6":0,"7":0,"8":0,"9":0,"10":0,"11":0,"12":0,"13":0,"14":0,"15":0,"16":0,"17":0,"18":0,"19":0,"20":0,"21":0,"22":0,"23":0,"24":0,"25":0,"26":0,"27":0,"28":0,"29":0,"30":0,"31":0,"32":0,"33":0,"34":0,"35":0,"36":0,"37":0,"38":0,"39":0,"40":0,"41":0,"42":0,"43":0,"44":0,"45":0,"46":0,"47":0,"48":0,"49":0,"50":0,"51":0,"52":0,"53":0,"54":0,"55":0,"56":0,"57":0,"58":0,"59":0,"60":0,"61":0,"62":0,"63":0,"64":0,"65":0,"66":0,"67":0,"68":0,"69":0,"70":0,"71":0,"72":0,"73":0,"74":0,"75":0,"76":0,"77":0,"78":0,"79":0,"80":0,"81":0,"82":0,"83":0,"84":0,"85":0,"86":0,"87":0,"88":0,"89":0,"90":0,"91":0,"92":0,"93":0,"94":0,"95":0,"96":0,"97":0,"98":0,"99":0,"100":0,"101":0,"102":0,"103":0,"104":0,"105":0,"106":0,"107":0,"108":0,"109":0,"110":0,"111":0,"112":0,"113":0,"114":0,"115":0,"116":0,"117":0,"118":0,"119":0,"120":0,"121":0,"122":0,"123":0,"124":0,"125":0,"126":0,"127":0,"128":0,"129":0,"130":0,"131":0,"132":0,"133":0,"134":0,"135":0,"136":0,"137":0,"138":0,"139":0,"140":0,"141":0,"142":0,"143":0,"144":0,"145":0,"146":0,"147":0,"148":0,"149":0,"150":0,"151":0,"152":0,"153":0,"154":0,"155":0,"156":0,"157":0,"158":0,"159":0,"160":0,"161":0,"162":0,"163":0,"164":0,"165":0,"166":0,"167":0,"168":0,"169":0,"170":0,"171":0,"172":0,"173":0,"174":0,"175":0,"176":0},"f":{"0":0,"1":0,"2":0,"3":0,"4":0,"5":0,"6":0,"7":0,"8":0,"9":0,"10":0},"b":{"0":[0,0],"1":[0,0],"2":[0,0],"3":[0,0],"4":[0,0,0],"5":[0,0],"6":[0,0],"7":[0,0,0],"8":[0,0],"9":[0,0]},"inputSourceMap":{"version":3,"names":["cov_1tkgg8jbpf","actualCoverage","viewResources","f","response","s","request","XMLHttpRequest","open","setRequestHeader","onload","JSON","parse","responseText","html","i","length","name","location","description","owner","stringify","replaceAll","id","document","getElementById","innerHTML","send","addResource","jsonData","Object","value","sessionStorage","getItem","b","setAttribute","console","log","message","undefined","window","href","editResource","data","selectedResource","$","modal","updateResource","deleteResource","selectedId","alert"],"sources":["home.js"],"sourcesContent":["function viewResources() {\r\n    var response = '';\r\n    var request = new XMLHttpRequest();\r\n    request.open('GET', '/view-resources', true);\r\n    request.setRequestHeader('Content-Type', 'application/json');\r\n    request.onload = function () {\r\n        response = JSON.parse(request.responseText);\r\n        var html = ''\r\n        for (var i = 0; i < response.length; i++) {\r\n            html += '<tr>' +\r\n                '<td>' + (i + 1) + '</td>' +\r\n                '<td>' + response[i].name + '</td>' +\r\n                '<td>' + response[i].location + '</td>' +\r\n                '<td>' + response[i].description + '</td>' +\r\n                '<td>' + response[i].owner + '</td>' +\r\n                '<td>' +\r\n                '<button type=\"button\" class=\"btn btn-warning\" onclick=\"editResource(\\'' + JSON.stringify(response[i]).replaceAll('\\\"', '&quot;') + '\\')\">Edit </button> ' +\r\n                '<button type=\"button\" class=\"btn btn-danger\" onclick=\"deleteResource(' + response[i].id + ')\"> Delete</button>' +\r\n                '</td>' +\r\n                '</tr>'\r\n        }\r\n        document.getElementById('tableContent').innerHTML = html;\r\n    };\r\n    request.send();\r\n}\r\n\r\nfunction addResource() {\r\n    var response = \"\";\r\n\r\n    var jsonData = new Object();\r\n    jsonData.name = document.getElementById(\"name\").value;\r\n    jsonData.location = document.getElementById(\"location\").value;\r\n    jsonData.description = document.getElementById(\"description\").value;\r\n    jsonData.owner = sessionStorage.getItem(\"email\");\r\n\r\n    if (jsonData.name == \"\" || jsonData.location == \"\" || jsonData.description == \"\") {\r\n        document.getElementById(\"message\").innerHTML = 'All fields are required!';\r\n        document.getElementById(\"message\").setAttribute(\"class\", \"text-danger\");\r\n        return;\r\n    }\r\n\r\n    var request = new XMLHttpRequest();\r\n\r\n    request.open(\"POST\", \"/add-resource\", true);\r\n    request.setRequestHeader('Content-Type', 'application/json');\r\n\r\n    request.onload = function () {\r\n        response = JSON.parse(request.responseText);\r\n        console.log(response)\r\n        if (response.message == undefined) {\r\n            document.getElementById(\"message\").innerHTML = 'Added Resource: ' + jsonData.name + '!';\r\n            document.getElementById(\"message\").setAttribute(\"class\", \"text-success\");\r\n            document.getElementById(\"name\").value = \"\";\r\n            document.getElementById(\"location\").value = \"\";\r\n            document.getElementById(\"description\").value = \"\";\r\n            window.location.href = 'home.html';\r\n        }\r\n        else {\r\n            document.getElementById(\"message\").innerHTML = 'Unable to add resource!'; document.getElementById(\"message\").setAttribute(\"class\", \"text-danger\");\r\n            document.getElementById(\"message\").setAttribute(\"class\", \"text-danger\");\r\n        }\r\n    };\r\n    request.send(JSON.stringify(jsonData));\r\n}\r\n\r\nfunction editResource(data) {\r\n    console.log(',,,,')\r\n    var selectedResource = JSON.parse(data);\r\n    console.log(data)\r\n    document.getElementById(\"editName\").value = selectedResource.name;\r\n    document.getElementById(\"editLocation\").value = selectedResource.location;\r\n    document.getElementById(\"editDescription\").value = selectedResource.description;\r\n\r\n    document.getElementById(\"updateButton\").setAttribute(\"onclick\", 'updateResource(\"' + selectedResource.id + '\")');\r\n\r\n    $('#editResourceModal').modal('show');\r\n}\r\n\r\nfunction updateResource(id) {\r\n    console.log(id)\r\n    var response = \"\";\r\n\r\n    var jsonData = new Object();\r\n    jsonData.name = document.getElementById(\"editName\").value;\r\n    jsonData.location = document.getElementById(\"editLocation\").value;\r\n    jsonData.description = document.getElementById(\"editDescription\").value;\r\n\r\n    if (jsonData.name == \"\" || jsonData.location == \"
[...]
line":21,"column":9}},"8":{"start":{"line":9,"column":21},"end":{"line":9,"column":22}},"9":{"start":{"line":10,"column":12},"end":{"line":20,"column":23}},"10":{"start":{"line":22,"column":8},"end":{"line":22,"column":65}},"11":{"start":{"line":24,"column":4},"end":{"line":24,"column":19}},"12":{"start":{"line":28,"column":19},"end":{"line":28,"column":21}},"13":{"start":{"line":30,"column":19},"end":{"line":30,"column":31}},"14":{"start":{"line":31,"column":4},"end":{"line":31,"column":58}},"15":{"start":{"line":32,"column":4},"end":{"line":32,"column":66}},"16":{"start":{"line":33,"column":4},"end":{"line":33,"column":72}},"17":{"start":{"line":34,"column":4},"end":{"line":34,"column":53}},"18":{"start":{"line":36,"column":4},"end":{"line":40,"column":5}},"19":{"start":{"line":37,"column":8},"end":{"line":37,"column":82}},"20":{"start":{"line":38,"column":8},"end":{"line":38,"column":80}},"21":{"start":{"line":39,"column":8},"end":{"line":39,"column":15}},"22":{"start":{"line":42,"column":18},"end":{"line":42,"column":38}},"23":{"start":{"line":44,"column":4},"end":{"line":44,"column":48}},"24":{"start":{"line":45,"column":4},"end":{"line":45,"column":65}},"25":{"start":{"line":47,"column":4},"end":{"line":62,"column":6}},"26":{"start":{"line":48,"column":8},"end":{"line":48,"column":52}},"27":{"start":{"line":49,"column":8},"end":{"line":49,"column":29}},"28":{"start":{"line":50,"column":8},"end":{"line":61,"column":9}},"29":{"start":{"line":51,"column":12},"end":{"line":51,"column":100}},"30":{"start":{"line":52,"column":12},"end":{"line":52,"column":85}},"31":{"start":{"line":53,"column":12},"end":{"line":53,"column":55}},"32":{"start":{"line":54,"column":12},"end":{"line":54,"column":59}},"33":{"start":{"line":55,"column":12},"end":{"line":55,"column":62}},"34":{"start":{"line":56,"column":12},"end":{"line":56,"column":47}},"35":{"start":{"line":59,"column":12},"end":{"line":59,"column":85}},"36":{"start":{"line":59,"column":86},"end":{"line":59,"column":158}},"37":{"start":{"line":60,"column":12},"end":{"line":60,"column":84}},"38":{"start":{"line":63,"column":4},"end":{"line":63,"column":43}},"39":{"start":{"line":67,"column":4},"end":{"line":67,"column":23}},"40":{"start":{"line":68,"column":27},"end":{"line":68,"column":43}},"41":{"start":{"line":69,"column":4},"end":{"line":69,"column":21}},"42":{"start":{"line":70,"column":4},"end":{"line":70,"column":70}},"43":{"start":{"line":71,"column":4},"end":{"line":71,"column":78}},"44":{"start":{"line":72,"column":4},"end":{"line":72,"column":84}},"45":{"start":{"line":74,"column":4},"end":{"line":74,"column":117}},"46":{"start":{"line":76,"column":4},"end":{"line":76,"column":42}},"47":{"start":{"line":80,"column":4},"end":{"line":80,"column":19}},"48":{"start":{"line":81,"column":19},"end":{"line":81,"column":21}},"49":{"start":{"line":83,"column":19},"end":{"line":83,"column":31}},"50":{"start":{"line":84,"column":4},"end":{"line":84,"column":62}},"51":{"start":{"line":85,"column":4},"end":{"line":85,"column":70}},"52":{"start":{"line":86,"column":4},"end":{"line":86,"column":76}},"53":{"start":{"line":88,"column":4},"end":{"line":92,"column":5}},"54":{"start":{"line":89,"column":8},"end":{"line":89,"column":86}},"55":{"start":{"line":90,"column":8},"end":{"line":90,"column":84}},"56":{"start":{"line":91,"column":8},"end":{"line":91,"column":15}},"57":{"start":{"line":94,"column":18},"end":{"line":94,"column":38}},"58":{"start":{"line":96,"column":4},"end":{"line":96,"column":54}},"59":{"start":{"line":97,"column":4},"end":{"line":97,"column":65}},"60":{"start":{"line":99,"column":4},"end":{"line":111,"column":6}},"61":{"start":{"line":100,"column":8},"end":{"line":100,"column":52}},"62":{"start":{"line":102,"column":8},"end":{"line":110,"column":9}},"63":{"start":{"line":103,"column":12},"end":{"line":103,"column":105}},"64":{"start":{"line":104,"column":12},"end":{"line":104,"column":89}},"65":{"start":{"line":105,"column":12},"end":{"line":105,"column":47}},"66":{"start":{"line":108,"column":12},"end":{"line":108,"column":90}},"67":{"start":{"line":109,"column":12},"end":{"line":109,"column":88}},"68":{"start":{"line":112,"column":4},"end":{"line":112,"column":43}},"69":{"start":{"line":116,"column":19},"end":{"line":116,"column":21}},"70":{"start":{"line":118,"column":18},"end":{"line":118,"column":38}},"71":{"start":{"line":120,"column":4},"end":{"line":120,"column":67}},"72":{"start":{"line":121,"column":4},"end":{"line":121,"column":65}},"73":{"start":{"line":123,"column":4},"end":{"line":132,"column":6}},"74":{"start":{"line":124,"column":8},"end":{"line":124,"column":52}},"75":{"start":{"line":126,"column":8},"end":{"line":131,"column":9}},"76":{"start":{"line":127,"column":12},"end":{"line":127,"column":47}},"77":{"start":{"line":130,"column":12},"end":{"line":130,"column":48}},"78":{"start":{"line":133,"column":4},"end":{"line":133,"column":19}}},"fnMap":{"0":{"name":"viewResources","decl":{"start":{"line":1,"column":9},"end":{"line":1,"column":22}},"loc":{"start":{"line":1,"column":25},"end":{"line":25,"column":1}},"line":1},"1":{"name":"(anonymous_1)","decl":{"start":{"line":6,"column":21},"end":{"line":6,"column":22}},"loc":{"start":{"line":6,"column":33},"end":{"line":23,"column":5}},"line":6},"2":{"name":"addResource","decl":{"start":{"line":27,"column":9},"end":{"line":27,"column":20}},"loc":{"start":{"line":27,"column":23},"end":{"line":64,"column":1}},"line":27},"3":{"name":"(anonymous_3)","decl":{"start":{"line":47,"column":21},"end":{"line":47,"column":22}},"loc":{"start":{"line":47,"column":33},"end":{"line":62,"column":5}},"line":47},"4":{"name":"editResource","decl":{"start":{"line":66,"column":9},"end":{"line":66,"column":21}},"loc":{"start":{"line":66,"column":28},"end":{"line":77,"column":1}},"line":66},"5":{"name":"updateResource","decl":{"start":{"line":79,"column":9},"end":{"line":79,"column":23}},"loc":{"start":{"line":79,"column":28},"end":{"line":113,"column":1}},"line":79},"6":{"name":"(anonymous_6)","decl":{"start":{"line":99,"column":21},"end":{"line":99,"column":22}},"loc":{"start":{"line":99,"column":33},"end":{"line":111,"column":5}},"line":99},"7":{"name":"deleteResource","decl":{"start":{"line":115,"column":9},"end":{"line":115,"column":23}},"loc":{"start":{"line":115,"column":36},"end":{"line":134,"column":1}},"line":115},"8":{"name":"(anonymous_8)","decl":{"start":{"line":123,"column":21},"end":{"line":123,"column":22}},"loc":{"start":{"line":123,"column":33},"end":{"line":132,"column":5}},"line":123}},"branchMap":{"0":{"loc":{"start":{"line":36,"column":4},"end":{"line":40,"column":5}},"type":"if","locations":[{"start":{"line":36,"column":4},"end":{"line":40,"column":5}},{"start":{"line":36,"column":4},"end":{"line":40,"column":5}}],"line":36},"1":{"loc":{"start":{"line":36,"column":8},"end":{"line":36,"column":84}},"type":"binary-expr","locations":[{"start":{"line":36,"column":8},"end":{"line":36,"column":27}},{"start":{"line":36,"column":31},"end":{"line":36,"column":54}},{"start":{"line":36,"column":58},"end":{"line":36,"column":84}}],"line":36},"2":{"loc":{"start":{"line":50,"column":8},"end":{"line":61,"column":9}},"type":"if","locations":[{"start":{"line":50,"column":8},"end":{"line":61,"column":9}},{"start":{"line":50,"column":8},"end":{"line":61,"column":9}}],"line":50},"3":{"loc":{"start":{"line":88,"column":4},"end":{"line":92,"column":5}},"type":"if","locations":[{"start":{"line":88,"column":4},"end":{"line":92,"column":5}},{"start":{"line":88,"column":4},"end":{"line":92,"column":5}}],"line":88},"4":{"loc":{"start":{"line":88,"column":8},"end":{"line":88,"column":84}},"type":"binary-expr","locations":[{"start":{"line":88,"column":8},"end":{"line":88,"column":27}},{"start":{"line":88,"column":31},"end":{"line":88,"column":54}},{"start":{"line":88,"column":58},"end":{"line":88,"column":84}}],"line":88},"5":{"loc":{"start":{"line":102,"column":8},"end":{"line":110,"column":9}},"type":"if","locations":[{"start":{"line":102,"column":8},"end":{"line":110,"column":9}},{"start":{"line":102,"column":8},"end":{"line":110,"column":9}}],"line":102},"6":{"loc":{"start":{"line":126,"column":8},"end":{"line":131,"column":9}},"type":"if","locations":[{"start":{"line":126,"column":8},"end":{"line":131,"column":9}},{"start":{"line":126,"column":8},"end":{"line":131,"column":9}}],"line":126}},"s":{"0":0,"1":0,"2":0,"3":0,"4":0,"5":0,"6":0,"7":0,"8":0,"9":0,"10":0,"11":0,"12":0,"13":0,"14":0,"15":0,"16":0,"17":0,"18":0,"19":0,"20":0,"21":0,"22":0,"23":0,"24":0,"25":0,"26":0,"27":0,"28":0,"29":0,"30":0,"31":0,"32":0,"33":0,"34":0,"35":0,"36":0,"37":0,"38":0,"39":0,"40":0,"41":0,"42":0,"43":0,"44":0,"45":0,"46":0,"47":0,"48":0,"49":0,"50":0,"51":0,"52":0,"53":0,"54":0,"55":0,"56":0,"57":0,"58":0,"59":0,"60":0,"61":0,"62":0,"63":0,"64":0,"65":0,"66":0,"67":0,"68":0,"69":0,"70":0,"71":0,"72":0,"73":0,"74":0,"75":0,"76":0,"77":0,"78":0},"f":{"0":0,"1":0,"2":0,"3":0,"4":0,"5":0,"6":0,"7":0,"8":0},"b":{"0":[0,0],"1":[0,0,0],"2":[0,0],"3":[0,0],"4":[0,0,0],"5":[0,0],"6":[0,0]},"all":true},"C:\\Users\\radio\\Documents\\DVOPS_Projects\\resource-mgmt\\public\\js\\login.js":{"path":"C:\\Users\\radio\\Documents\\DVOPS_Projects\\resource-mgmt\\public\\js\\login.js","statementMap":{"0":{"start":{"line":2,"column":19},"end":{"line":2,"column":21}},"1":{"start":{"line":3,"column":19},"end":{"line":3,"column":31}},"2":{"start":{"line":4,"column":4},"end":{"line":4,"column":60}},"3":{"start":{"line":5,"column":4},"end":{"line":5,"column":66}},"4":{"start":{"line":6,"column":4},"end":{"line":9,"column":5}},"5":{"start":{"line":7,"column":8},"end":{"line":7,"column":80}},"6":{"start":{"line":8,"column":8},"end":{"line":8,"column":15}},"7":{"start":{"line":10,"column":18},"end":{"line":10,"column":38}},"8":{"start":{"line":11,"column":4},"end":{"line":11,"column":41}},"9":{"start":{"line":12,"column":4},"end":{"line":12,"column":65}},"10":{"start":{"line":13,"column":4},"end":{"line":23,"column":6}},"11":{"start":{"line":14,"column":8},"end":{"line":14,"column":52}},"12":{"start":{"line":15,"column":8},"end":{"line":15,"column":29}},"13":{"start":{"line":16,"column":8},"end":{"line":22,"column":9}},"14":{"start":{"line":17,"column":12},"end":{"line":17,"column":60}},"15":{"start":{"line":18,"column":12},"end":{"line":18,"column":47}},"16":{"start":{"line":21,"column":12},"end":{"line":21,"column":80}},"17":{"start":{"line":24,"column":4},"end":{"line":24,"column":43}}},"fnMap":{"0":{"name":"login","decl":{"start":{"line":1,"column":9},"end":{"line":1,"column":14}},"loc":{"start":{"line":1,"column":17},"end":{"line":25,"column":1}},"line":1},"1":{"name":"(anonymous_1)","decl":{"start":{"line":13,"column":21},"end":{"line":13,"column":22}},"loc":{"start":{"line":13,"column":33},"end":{"line":23,"column":5}},"line":13}},"branchMap":{"0":{"loc":{"start":{"line":6,"column":4},"end":{"line":9,"column":5}},"type":"if","locations":[{"start":{"line":6,"column":4},"end":{"line":9,"column":5}},{"start":{"line":6,"column":4},"end":{"line":9,"column":5}}],"line":6},"1":{"loc":{"start":{"line":6,"column":8},"end":{"line":6,"column":55}},"type":"binary-expr","locations":[{"start":{"line":6,"column":8},"end":{"line":6,"column":28}},{"start":{"line":6,"column":32},"end":{"line":6,"column":55}}],"line":6},"2":{"loc":{"start":{"line":16,"column":8},"end":{"line":22,"column":9}},"type":"if","locations":[{"start":{"line":16,"column":8},"end":{"line":22,"column":9}},{"start":{"line":16,"column":8},"end":{"line":22,"column":9}}],"line":16}},"s":{"0":0,"1":0,"2":0,"3":0,"4":0,"5":0,"6":0,"7":0,"8":0,"9":0,"10":0,"11":0,"12":0,"13":0,"14":0,"15":0,"16":0,"17":0},"f":{"0":0,"1":0},"b":{"0":[0,0],"1":[0,0],"2":[0,0]},"all":true},"C:\\Users\\radio\\Documents\\DVOPS_Projects\\resource-mgmt\\public\\js\\register.js":{"path":"C:\\Users\\radio\\Documents\\DVOPS_Projects\\resource-mgmt\\public\\js\\register.js","statementMap":{"0":{"start":{"line":2,"column":19},"end":{"line":2,"column":21}},"1":{"start":{"line":3,"column":19},"end":{"line":3,"column":31}},"2":{"start":{"line":4,"column":4},"end":{"line":4,"column":60}},"3":{"start":{"line":5,"column":4},"end":{"line":5,"column":66}},"4":{"start":{"line":6,"column":26},"end":{"line":6,"column":74}},"5":{"start":{"line":7,"column":4},"end":{"line":14,"column":5}},"6":{"start":{"line":8,"column":8},"end":{"line":8,"column":80}},"7":{"start":{"line":9,"column":8},"end":{"line":9,"column":15}},"8":{"start":{"line":11,"column":9},"end":{"line":14,"column":5}},"9":{"start":{"line":12,"column":8},"end":{"line":12,"column":80}},"10":{"start":{"line":13,"column":8},"end":{"line":13,"column":15}},"11":{"start":{"line":15,"column":18},"end":{"line":15,"column":38}},"12":{"start":{"line":16,"column":4},"end":{"line":16,"column":44}},"13":{"start":{"line":17,"column":4},"end":{"line":17,"column":65}},"14":{"start":{"line":18,"column":4},"end":{"line":27,"column":6}},"15":{"start":{"line":19,"column":8},"end":{"line":19,"column":52}},"16":{"start":{"line":20,"column":8},"end":{"line":20,"column":29}},"17":{"start":{"line":21,"column":8},"end":{"line":26,"column":9}},"18":{"start":{"line":22,"column":12},"end":{"line":22,"column":48}},"19":{"start":{"line":25,"column":12},"end":{"line":25,"column":82}},"20":{"start":{"line":28,"column":4},"end":{"line":28,"column":43}}},"fnMap":{"0":{"name":"register","decl":{"start":{"line":1,"column":9},"end":{"line":1,"column":17}},"loc":{"start":{"line":1,"column":20},"end":{"line":29,"column":1}},"line":1},"1":{"name":"(anonymous_1)","decl":{"start":{"line":18,"column":21},"end":{"line":18,"column":22}},"loc":{"start":{"line":18,"column":33},"end":{"line":27,"column":5}},"line":18}},"branchMap":{"0":{"loc":{"start":{"line":7,"column":4},"end":{"line":14,"column":5}},"type":"if","locations":[{"start":{"line":7,"column":4},"end":{"line":14,"column":5}},{"start":{"line":7,"column":4},"end":{"line":14,"column":5}}],"line":7},"1":{"loc":{"start":{"line":7,"column":8},"end":{"line":7,"column":80}},"type":"binary-expr","locations":[{"start":{"line":7,"column":8},"end":{"line":7,"column":28}},{"start":{"line":7,"column":32},"end":{"line":7,"column":55}},{"start":{"line":7,"column":59},"end":{"line":7,"column":80}}],"line":7},"2":{"loc":{"start":{"line":11,"column":9},"end":{"line":14,"column":5}},"type":"if","locations":[{"start":{"line":11,"column":9},"end":{"line":14,"column":5}},{"start":{"line":11,"column":9},"end":{"line":14,"column":5}}],"line":11},"3":{"loc":{"start":{"line":21,"column":8},"end":{"line":26,"column":9}},"type":"if","locations":[{"start":{"line":21,"column":8},"end":{"line":26,"column":9}},{"start":{"line":21,"column":8},"end":{"line":26,"column":9}}],"line":21}},"s":{"0":0,"1":0,"2":0,"3":0,"4":0,"5":0,"6":0,"7":0,"8":0,"9":0,"10":0,"11":0,"12":0,"13":0,"14":0,"15":0,"16":0,"17":0,"18":0,"19":0,"20":0},"f":{"0":0,"1":0},"b":{"0":[0,0],"1":[0,0,0],"2":[0,0],"3":[0,0]},"all":true},"C:\\Users\\radio\\Documents\\DVOPS_Projects\\resource-mgmt\\utils\\UserUtil.js":{"path":"C:\\Users\\radio\\Documents\\DVOPS_Projects\\resource-mgmt\\utils\\UserUtil.js","statementMap":{"0":{"start":{"line":1,"column":17},"end":{"line":1,"column":42}},"1":{"start":{"line":2,"column":11},"end":{"line":2,"column":33}},"2":{"start":{"line":4,"column":4},"end":{"line":7,"column":52}},"3":{"start":{"line":5,"column":21},"end":{"line":5,"column":56}},"4":{"start":{"line":6,"column":8},"end":{"line":6,"column":32}},"5":{"start":{"line":7,"column":20},"end":{"line":7,"column":39}},"6":{"start":{"line":7,"column":40},"end":{"line":7,"column":50}},"7":{"start":{"line":10,"column":4},"end":{"line":15,"column":52}},"8":{"start":{"line":11,"column":27},"end":{"line":11,"column":51}},"9":{"start":{"line":12,"column":8},"end":{"line":12,"column":32}},"10":{"start":{"line":13,"column":8},"end":{"line":13,"column":73}},"11":{"start":{"line":14,"column":8},"end":{"line":14,"column":26}},"12":{"start":{"line":15,"column":20},"end":{"line":15,"column":39}},"13":{"start":{"line":15,"column":40},"end":{"line":15,"column":50}},"14":{"start":{"line":18,"column":4},"end":{"line":30,"column":5}},"15":{"start":{"line":19,"column":22},"end":{"line":19,"column":36}},"16":{"start":{"line":20,"column":25},"end":{"line":20,"column":42}},"17":{"start":{"line":21,"column":8},"end":{"line":27,"column":9}},"18":{"start":{"line":22,"column":12},"end":{"line":22,"column":73}},"19":{"start":{"line":24,"column":28},"end":{"line":24,"column":53}},"20":{"start":{"line":25,"column":33},"end":{"line":25,"column":77}},"21":{"start":{"line":26,"column":12},"end":{"line":26,"column":54}},"22":{"start":{"line":29,"column":8},"end":{"line":29,"column":64}},"23":{"start":{"line":34,"column":4},"end":{"line":51,"column":5}},"24":{"start":{"line":35,"column":22},"end":{"line":35,"column":36}},"25":{"start":{"line":36,"column":25},"end":{"line":36,"column":42}},"26":{"start":{"line":37,"column":25},"end":{"line":37,"column":59}},"27":{"start":{"line":38,"column":31},"end":{"line":38,"column":36}},"28":{"start":{"line":39,"column":8},"end":{"line":43,"column":9}},"29":{"start":{"line":39,"column":21},"end":{"line":39,"column":22}},"30":{"start":{"line":40,"column":27},"end":{"line":40,"column":38}},"31":{"start":{"line":41,"column":12},"end":{"line":42,"column":40}},"32":{"start":{"line":42,"column":16},"end":{"line":42,"column":40}},"33":{"start":{"line":44,"column":8},"end":{"line":48,"column":9}},"34":{"start":{"line":45,"column":12},"end":{"line":45,"column":74}},"35":{"start":{"line":47,"column":12},"end":{"line":47,"column":77}},"36":{"start":{"line":50,"column":8},"end":{"line":50,"column":64}},"37":{"start":{"line":55,"column":0},"end":{"line":57,"column":2}}},"fnMap":{"0":{"name":"readJSON","decl":{"start":{"line":3,"column":15},"end":{"line":3,"column":23}},"loc":{"start":{"line":3,"column":34},"end":{"line":8,"column":1}},"line":3},"1":{"name":"writeJSON","decl":{"start":{"line":9,"column":15},"end":{"line":9,"column":24}},"loc":{"start":{"line":9,"column":43},"end":{"line":16,"column":1}},"line":9},"2":{"name":"register","decl":{"start":{"line":17,"column":15},"end":{"line":17,"column":23}},"loc":{"start":{"line":17,"column":34},"end":{"line":31,"column":1}},"line":17},"3":{"name":"login","decl":{"start":{"line":33,"column":15},"end":{"line":33,"column":20}},"loc":{"start":{"line":33,"column":31},"end":{"line":52,"column":1}},"line":33}},"branchMap":{"0":{"loc":{"start":{"line":21,"column":8},"end":{"line":27,"column":9}},"type":"if","locations":[{"start":{"line":21,"column":8},"end":{"line":27,"column":9}},{"start":{"line":21,"column":8},"end":{"line":27,"column":9}}],"line":21},"1":{"loc":{"start":{"line":21,"column":12},"end":{"line":21,"column":79}},"type":"binary-expr","locations":[{"start":{"line":21,"column":12},"end":{"line":21,"column":32}},{"start":{"line":21,"column":36},"end":{"line":21,"column":56}},{"start":{"line":21,"column":60},"end":{"line":21,"column":79}}],"line":21},"2":{"loc":{"start":{"line":41,"column":12},"end":{"line":42,"column":40}},"type":"if","locations":[{"start":{"line":41,"column":12},"end":{"line":42,"column":40}},{"start":{"line":41,"column":12},"end":{"line":42,"column":40}}],"line":41},"3":{"loc":{"start":{"line":41,"column":16},"end":{"line":41,"column":72}},"type":"binary-expr","locations":[{"start":{"line":41,"column":16},"end":{"line":41,"column":39}},{"start":{"line":41,"column":43},"end":{"line":41,"column":72}}],"line":41},"4":{"loc":{"start":{"line":44,"column":8},"end":{"line":48,"column":9}},"type":"if","locations":[{"start":{"line":44,"column":8},"end":{"line":48,"column":9}},{"start":{"line":44,"column":8},"end":{"line":48,"column":9}}],"line":44}},"s":{"0":0,"1":0,"2":0,"3":0,"4":0,"5":0,"6":0,"7":0,"8":0,"9":0,"10":0,"11":0,"12":0,"13":0,"14":0,"15":0,"16":0,"17":0,"18":0,"19":0,"20":0,"21":0,"22":0,"23":0,"24":0,"25":0,"26":0,"27":0,"28":0,"29":0,"30":0,"31":0,"32":0,"33":0,"34":0,"35":0,"36":0,"37":0},"f":{"0":0,"1":0,"2":0,"3":0},"b":{"0":[0,0],"1":[0,0,0],"2":[0,0],"3":[0,0],"4":[0,0]},"all":true}}